2026-04-05 22:18:45,568 [INFO] 🚀 MARCO TRADING BOT FINAL INICIADO
2026-04-05 22:19:21,849 [INFO] 🚀 MARCO TRADING BOT FINAL INICIADO
2026-04-05 22:19:22,113 [INFO] Error 201
2026-04-05 22:19:22,120 [INFO] Base de datos lista.
2026-04-05 22:19:22,120 [INFO] Analizando BTCUSDT 15...
2026-04-05 22:19:22,856 [INFO] Sin señal — BTCUSDT 15
2026-04-05 22:19:24,859 [INFO] Analizando BTCUSDT 60...
2026-04-05 22:19:25,387 [INFO] Sin señal — BTCUSDT 60
2026-04-05 22:19:27,392 [INFO] Analizando BTCUSDT 240...
2026-04-05 22:19:27,843 [INFO] Sin señal — BTCUSDT 240
2026-04-05 22:19:29,849 [INFO] Analizando BTCUSDT D...
2026-04-05 22:19:30,434 [INFO] Sin señal — BTCUSDT D
2026-04-05 22:19:32,436 [INFO] Analizando ETHUSDT 15...
2026-04-05 22:19:33,060 [INFO] 🚨 SEÑAL SHORT ETHUSDT 15 R/R:8.17
2026-04-05 22:19:33,220 [INFO] Error 201
2026-04-05 22:19:35,228 [INFO] Analizando ETHUSDT 60...
2026-04-05 22:19:35,676 [INFO] Sin señal — ETHUSDT 60
2026-04-05 22:19:37,681 [INFO] Analizando ETHUSDT 240...
2026-04-05 22:19:38,297 [INFO] Sin señal — ETHUSDT 240
2026-04-05 22:19:40,301 [INFO] Analizando ETHUSDT D...
2026-04-05 22:19:40,913 [INFO] Sin señal — ETHUSDT D
2026-04-05 22:19:42,915 [INFO] Analizando SOLUSDT 15...
2026-04-05 22:19:43,429 [INFO] Sin señal — SOLUSDT 15
2026-04-05 22:19:45,433 [INFO] Analizando SOLUSDT 60...
2026-04-05 22:19:45,876 [INFO] Sin señal — SOLUSDT 60
2026-04-05 22:19:47,877 [INFO] Analizando SOLUSDT 240...
2026-04-05 22:19:48,317 [INFO] Sin señal — SOLUSDT 240
2026-04-05 22:19:50,318 [INFO] Analizando SOLUSDT D...
2026-04-05 22:19:50,880 [INFO] Sin señal — SOLUSDT D
2026-04-05 22:19:52,885 [INFO] Analizando XRPUSDT 15...
2026-04-05 22:19:53,511 [INFO] 🚨 SEÑAL SHORT XRPUSDT 15 R/R:5.59
2026-04-05 22:19:53,644 [INFO] Error 201
2026-04-05 22:19:55,653 [INFO] Analizando XRPUSDT 60...
2026-04-05 22:19:56,123 [INFO] Sin señal — XRPUSDT 60
2026-04-05 22:19:58,129 [INFO] Analizando XRPUSDT 240...
2026-04-05 22:19:58,744 [INFO] Sin señal — XRPUSDT 240
2026-04-05 22:20:00,749 [INFO] Analizando XRPUSDT D...
2026-04-05 22:20:01,439 [INFO] Sin señal — XRPUSDT D
2026-04-05 22:20:03,441 [INFO] Próximo análisis en 60s
2026-04-05 22:21:03,446 [INFO] Analizando BTCUSDT 15...
2026-04-05 22:21:04,027 [INFO] Sin señal — BTCUSDT 15
2026-04-05 22:21:06,033 [INFO] Analizando BTCUSDT 60...
2026-04-05 22:21:06,625 [INFO] Sin señal — BTCUSDT 60
2026-04-05 22:21:08,628 [INFO] Analizando BTCUSDT 240...
2026-04-05 22:21:09,353 [INFO] Sin señal — BTCUSDT 240
2026-04-05 22:21:11,359 [INFO] Analizando BTCUSDT D...
2026-04-05 22:21:11,865 [INFO] Sin señal — BTCUSDT D
2026-04-05 22:21:13,871 [INFO] Analizando ETHUSDT 15...
2026-04-05 22:21:14,406 [INFO] Sin señal — ETHUSDT 15
2026-04-05 22:21:16,411 [INFO] Analizando ETHUSDT 60...
2026-04-05 22:21:17,238 [INFO] Sin señal — ETHUSDT 60
2026-04-05 22:21:19,242 [INFO] Analizando ETHUSDT 240...
2026-04-05 22:21:20,822 [INFO] Sin señal — ETHUSDT 240
2026-04-05 22:21:22,828 [INFO] Analizando ETHUSDT D...
2026-04-05 22:21:23,354 [INFO] Sin señal — ETHUSDT D
2026-04-05 22:21:25,359 [INFO] Analizando SOLUSDT 15...
2026-04-05 22:21:25,819 [INFO] Sin señal — SOLUSDT 15
2026-04-05 22:21:27,824 [INFO] Analizando SOLUSDT 60...
2026-04-05 22:21:28,398 [INFO] Sin señal — SOLUSDT 60
2026-04-05 22:21:30,403 [INFO] Analizando SOLUSDT 240...
2026-04-05 22:21:31,020 [INFO] Sin señal — SOLUSDT 240
2026-04-05 22:21:33,025 [INFO] Analizando SOLUSDT D...
2026-04-05 22:21:33,549 [INFO] Sin señal — SOLUSDT D
2026-04-05 22:21:35,554 [INFO] Analizando XRPUSDT 15...
2026-04-05 22:21:36,603 [INFO] 🚨 SEÑAL SHORT XRPUSDT 15 R/R:6.06
2026-04-05 22:21:38,609 [INFO] Analizando XRPUSDT 60...
2026-04-05 22:21:39,189 [INFO] Sin señal — XRPUSDT 60
2026-04-05 22:21:41,191 [INFO] Analizando XRPUSDT 240...
2026-04-05 22:21:41,701 [INFO] Sin señal — XRPUSDT 240
2026-04-05 22:21:43,706 [INFO] Analizando XRPUSDT D...
2026-04-05 22:21:44,164 [INFO] Sin señal — XRPUSDT D
2026-04-05 22:21:46,169 [INFO] Próximo análisis en 60s
2026-04-05 22:22:46,173 [INFO] Analizando BTCUSDT 15...
2026-04-05 22:22:46,840 [INFO] Sin señal — BTCUSDT 15
2026-04-05 22:22:48,845 [INFO] Analizando BTCUSDT 60...
2026-04-05 22:22:49,500 [INFO] Sin señal — BTCUSDT 60
2026-04-05 22:22:51,502 [INFO] Analizando BTCUSDT 240...
2026-04-05 22:22:52,061 [INFO] Sin señal — BTCUSDT 240
2026-04-05 22:22:54,066 [INFO] Analizando BTCUSDT D...
2026-04-05 22:22:54,583 [INFO] Sin señal — BTCUSDT D
2026-04-05 22:22:56,588 [INFO] Analizando ETHUSDT 15...
2026-04-05 22:22:57,051 [INFO] Sin señal — ETHUSDT 15
2026-04-05 22:22:59,057 [INFO] Analizando ETHUSDT 60...
2026-04-05 22:22:59,623 [INFO] Sin señal — ETHUSDT 60
2026-04-05 22:23:01,626 [INFO] Analizando ETHUSDT 240...
2026-04-05 22:23:02,240 [INFO] Sin señal — ETHUSDT 240
2026-04-05 22:23:04,245 [INFO] Analizando ETHUSDT D...
2026-04-05 22:23:04,964 [INFO] Sin señal — ETHUSDT D
2026-04-05 22:23:06,968 [INFO] Analizando SOLUSDT 15...
2026-04-05 22:23:07,481 [INFO] Sin señal — SOLUSDT 15
2026-04-05 22:23:09,487 [INFO] Analizando SOLUSDT 60...
2026-04-05 22:23:10,109 [INFO] Sin señal — SOLUSDT 60
2026-04-05 22:23:12,114 [INFO] Analizando SOLUSDT 240...
2026-04-05 22:23:12,726 [INFO] Sin señal — SOLUSDT 240
2026-04-05 22:23:14,732 [INFO] Analizando SOLUSDT D...
2026-04-05 22:23:15,351 [INFO] Sin señal — SOLUSDT D
2026-04-05 22:23:17,354 [INFO] Analizando XRPUSDT 15...
2026-04-05 22:23:18,076 [INFO] 🚨 SEÑAL SHORT XRPUSDT 15 R/R:6.38
2026-04-05 22:23:20,080 [INFO] Analizando XRPUSDT 60...
2026-04-05 22:23:20,595 [INFO] Sin señal — XRPUSDT 60
2026-04-05 22:23:22,600 [INFO] Analizando XRPUSDT 240...
2026-04-05 22:23:23,211 [INFO] Sin señal — XRPUSDT 240
2026-04-05 22:23:25,214 [INFO] Analizando XRPUSDT D...
2026-04-05 22:23:25,838 [INFO] Sin señal — XRPUSDT D
2026-04-05 22:23:27,842 [INFO] Próximo análisis en 60s
2026-04-05 22:24:27,846 [INFO] Analizando BTCUSDT 15...
2026-04-05 22:24:28,568 [INFO] Sin señal — BTCUSDT 15
2026-04-05 22:24:30,571 [INFO] Analizando BTCUSDT 60...
2026-04-05 22:24:31,185 [INFO] Sin señal — BTCUSDT 60
2026-04-05 22:24:33,191 [INFO] Analizando BTCUSDT 240...
2026-04-05 22:24:33,743 [INFO] Sin señal — BTCUSDT 240
2026-04-05 22:24:35,748 [INFO] Analizando BTCUSDT D...
2026-04-05 22:24:36,365 [INFO] Sin señal — BTCUSDT D
2026-04-05 22:24:38,370 [INFO] Analizando ETHUSDT 15...
2026-04-05 22:24:38,968 [INFO] Sin señal — ETHUSDT 15
2026-04-05 22:24:40,970 [INFO] Analizando ETHUSDT 60...
2026-04-05 22:24:41,631 [INFO] Sin señal — ETHUSDT 60
2026-04-05 22:24:43,632 [INFO] Analizando ETHUSDT 240...
2026-04-05 22:24:44,191 [INFO] Sin señal — ETHUSDT 240
2026-04-05 22:24:46,195 [INFO] Analizando ETHUSDT D...
2026-04-05 22:24:46,744 [INFO] Sin señal — ETHUSDT D
2026-04-05 22:24:48,748 [INFO] Analizando SOLUSDT 15...
2026-04-05 22:24:49,249 [INFO] Sin señal — SOLUSDT 15
2026-04-05 22:24:51,251 [INFO] Analizando SOLUSDT 60...
2026-04-05 22:24:51,821 [INFO] Sin señal — SOLUSDT 60
2026-04-05 22:24:53,827 [INFO] Analizando SOLUSDT 240...
2026-04-05 22:24:54,444 [INFO] Sin señal — SOLUSDT 240
2026-04-05 22:24:56,445 [INFO] Analizando SOLUSDT D...
2026-04-05 22:24:57,064 [INFO] Sin señal — SOLUSDT D
2026-04-05 22:24:59,065 [INFO] Analizando XRPUSDT 15...
2026-04-05 22:24:59,682 [INFO] Sin señal — XRPUSDT 15
2026-04-05 22:25:01,688 [INFO] Analizando XRPUSDT 60...
2026-04-05 22:25:02,930 [INFO] Sin señal — XRPUSDT 60
2026-04-05 22:25:04,936 [INFO] Analizando XRPUSDT 240...
2026-04-05 22:25:05,453 [INFO] Sin señal — XRPUSDT 240
2026-04-05 22:25:07,455 [INFO] Analizando XRPUSDT D...
2026-04-05 22:25:08,069 [INFO] Sin señal — XRPUSDT D
2026-04-05 22:25:10,075 [INFO] Próximo análisis en 60s
2026-04-05 22:26:10,077 [INFO] Analizando BTCUSDT 15...
2026-04-05 22:26:10,670 [INFO] Sin señal — BTCUSDT 15
2026-04-05 22:26:12,676 [INFO] Analizando BTCUSDT 60...
2026-04-05 22:26:13,129 [INFO] Sin señal — BTCUSDT 60
2026-04-05 22:26:15,132 [INFO] Analizando BTCUSDT 240...
2026-04-05 22:26:15,708 [INFO] Sin señal — BTCUSDT 240
2026-04-05 22:26:17,714 [INFO] Analizando BTCUSDT D...
2026-04-05 22:26:18,324 [INFO] Sin señal — BTCUSDT D
2026-04-05 22:26:20,326 [INFO] Analizando ETHUSDT 15...
2026-04-05 22:26:20,960 [INFO] Sin señal — ETHUSDT 15
2026-04-05 22:26:22,966 [INFO] Analizando ETHUSDT 60...
2026-04-05 22:26:23,568 [INFO] Sin señal — ETHUSDT 60
2026-04-05 22:26:25,573 [INFO] Analizando ETHUSDT 240...
2026-04-05 22:26:26,286 [INFO] Sin señal — ETHUSDT 240
2026-04-05 22:26:28,291 [INFO] Analizando ETHUSDT D...
2026-04-05 22:26:28,810 [INFO] Sin señal — ETHUSDT D
2026-04-05 22:26:30,815 [INFO] Analizando SOLUSDT 15...
2026-04-05 22:26:31,464 [INFO] Sin señal — SOLUSDT 15
2026-04-05 22:26:33,469 [INFO] Analizando SOLUSDT 60...
2026-04-05 22:26:34,054 [INFO] Sin señal — SOLUSDT 60
2026-04-05 22:26:36,057 [INFO] Analizando SOLUSDT 240...
2026-04-05 22:26:36,679 [INFO] Sin señal — SOLUSDT 240
2026-04-05 22:26:38,684 [INFO] Analizando SOLUSDT D...
2026-04-05 22:26:39,300 [INFO] Sin señal — SOLUSDT D
2026-04-05 22:26:41,302 [INFO] Analizando XRPUSDT 15...
2026-04-05 22:26:41,922 [INFO] Sin señal — XRPUSDT 15
2026-04-05 22:26:43,926 [INFO] Analizando XRPUSDT 60...
2026-04-05 22:26:44,820 [INFO] Sin señal — XRPUSDT 60
2026-04-05 22:26:46,822 [INFO] Analizando XRPUSDT 240...
2026-04-05 22:26:47,482 [INFO] Sin señal — XRPUSDT 240
2026-04-05 22:26:49,487 [INFO] Analizando XRPUSDT D...
2026-04-05 22:26:50,145 [INFO] Sin señal — XRPUSDT D
2026-04-05 22:26:52,149 [INFO] Próximo análisis en 60s
2026-04-05 22:27:52,155 [INFO] Analizando BTCUSDT 15...
2026-04-05 22:27:53,214 [INFO] Sin señal — BTCUSDT 15
2026-04-05 22:27:55,216 [INFO] Analizando BTCUSDT 60...
2026-04-05 22:27:55,711 [INFO] Sin señal — BTCUSDT 60
2026-04-05 22:27:57,719 [INFO] Analizando BTCUSDT 240...
2026-04-05 22:27:58,181 [INFO] Sin señal — BTCUSDT 240
2026-04-05 22:28:00,191 [INFO] Analizando BTCUSDT D...
2026-04-05 22:28:00,710 [INFO] Sin señal — BTCUSDT D
2026-04-05 22:28:02,719 [INFO] Analizando ETHUSDT 15...
2026-04-05 22:28:03,175 [INFO] Sin señal — ETHUSDT 15
2026-04-05 22:28:05,178 [INFO] Analizando ETHUSDT 60...
2026-04-05 22:28:05,645 [INFO] Sin señal — ETHUSDT 60
2026-04-05 22:28:07,650 [INFO] Analizando ETHUSDT 240...
2026-04-05 22:28:08,228 [INFO] Sin señal — ETHUSDT 240
2026-04-05 22:28:10,232 [INFO] Analizando ETHUSDT D...
2026-04-05 22:28:10,687 [INFO] Sin señal — ETHUSDT D
2026-04-05 22:28:12,696 [INFO] Analizando SOLUSDT 15...
2026-04-05 22:28:13,235 [INFO] 🚨 SEÑAL SHORT SOLUSDT 15 R/R:5.96
2026-04-05 22:28:13,411 [INFO] Error 201
2026-04-05 22:28:15,423 [INFO] Analizando SOLUSDT 60...
2026-04-05 22:28:15,885 [INFO] Sin señal — SOLUSDT 60
2026-04-05 22:28:17,888 [INFO] Analizando SOLUSDT 240...
2026-04-05 22:28:18,607 [INFO] Sin señal — SOLUSDT 240
2026-04-05 22:28:20,608 [INFO] Analizando SOLUSDT D...
2026-04-05 22:28:21,516 [INFO] Sin señal — SOLUSDT D
2026-04-05 22:28:23,518 [INFO] Analizando XRPUSDT 15...
2026-04-05 22:28:23,986 [INFO] 🚨 SEÑAL SHORT XRPUSDT 15 R/R:6.59
2026-04-05 22:28:25,996 [INFO] Analizando XRPUSDT 60...
2026-04-05 22:28:26,464 [INFO] Sin señal — XRPUSDT 60
2026-04-05 22:28:28,475 [INFO] Analizando XRPUSDT 240...
2026-04-05 22:28:28,934 [INFO] Sin señal — XRPUSDT 240
2026-04-05 22:28:30,938 [INFO] Analizando XRPUSDT D...
2026-04-05 22:28:31,412 [INFO] Sin señal — XRPUSDT D
2026-04-05 22:28:33,418 [INFO] Próximo análisis en 60s
2026-04-05 22:29:33,429 [INFO] Analizando BTCUSDT 15...
2026-04-05 22:29:34,097 [INFO] Sin señal — BTCUSDT 15
2026-04-05 22:29:36,106 [INFO] Analizando BTCUSDT 60...
2026-04-05 22:29:36,652 [INFO] Sin señal — BTCUSDT 60
2026-04-05 22:29:38,659 [INFO] Analizando BTCUSDT 240...
2026-04-05 22:29:39,153 [INFO] Sin señal — BTCUSDT 240
2026-04-05 22:29:41,160 [INFO] Analizando BTCUSDT D...
2026-04-05 22:29:41,626 [INFO] Sin señal — BTCUSDT D
2026-04-05 22:29:43,629 [INFO] Analizando ETHUSDT 15...
2026-04-05 22:29:44,126 [INFO] Sin señal — ETHUSDT 15
2026-04-05 22:29:46,131 [INFO] Analizando ETHUSDT 60...
2026-04-05 22:29:46,598 [INFO] Sin señal — ETHUSDT 60
2026-04-05 22:29:48,600 [INFO] Analizando ETHUSDT 240...
2026-04-05 22:29:49,349 [INFO] Sin señal — ETHUSDT 240
2026-04-05 22:29:51,357 [INFO] Analizando ETHUSDT D...
2026-04-05 22:29:51,973 [INFO] Sin señal — ETHUSDT D
2026-04-05 22:29:53,983 [INFO] Analizando SOLUSDT 15...
2026-04-05 22:29:54,461 [INFO] 🚨 SEÑAL SHORT SOLUSDT 15 R/R:5.49
2026-04-05 22:29:56,470 [INFO] Analizando SOLUSDT 60...
2026-04-05 22:29:57,175 [INFO] Sin señal — SOLUSDT 60
2026-04-05 22:29:59,185 [INFO] Analizando SOLUSDT 240...
2026-04-05 22:29:59,649 [INFO] Sin señal — SOLUSDT 240
2026-04-05 22:30:01,659 [INFO] Analizando SOLUSDT D...
2026-04-05 22:30:02,136 [INFO] Sin señal — SOLUSDT D
2026-04-05 22:30:04,145 [INFO] Analizando XRPUSDT 15...
2026-04-05 22:30:04,617 [INFO] Sin señal — XRPUSDT 15
2026-04-05 22:30:06,628 [INFO] Analizando XRPUSDT 60...
2026-04-05 22:30:07,101 [INFO] Sin señal — XRPUSDT 60
2026-04-05 22:30:09,105 [INFO] Analizando XRPUSDT 240...
2026-04-05 22:30:09,564 [INFO] Sin señal — XRPUSDT 240
2026-04-05 22:30:11,572 [INFO] Analizando XRPUSDT D...
2026-04-05 22:30:12,047 [INFO] Sin señal — XRPUSDT D
2026-04-05 22:30:14,048 [INFO] Próximo análisis en 60s
2026-04-05 22:31:14,050 [INFO] Analizando BTCUSDT 15...
2026-04-05 22:31:14,558 [INFO] Sin señal — BTCUSDT 15
2026-04-05 22:31:16,567 [INFO] Analizando BTCUSDT 60...
2026-04-05 22:31:17,331 [INFO] Sin señal — BTCUSDT 60
2026-04-05 22:31:19,336 [INFO] Analizando BTCUSDT 240...
2026-04-05 22:31:19,872 [INFO] Sin señal — BTCUSDT 240
2026-04-05 22:31:21,882 [INFO] Analizando BTCUSDT D...
2026-04-05 22:31:22,509 [INFO] Sin señal — BTCUSDT D
2026-04-05 22:31:24,517 [INFO] Analizando ETHUSDT 15...
2026-04-05 22:31:24,988 [INFO] Sin señal — ETHUSDT 15
2026-04-05 22:31:26,996 [INFO] Analizando ETHUSDT 60...
2026-04-05 22:31:27,498 [INFO] Sin señal — ETHUSDT 60
2026-04-05 22:31:29,507 [INFO] Analizando ETHUSDT 240...
2026-04-05 22:31:29,991 [INFO] Sin señal — ETHUSDT 240
2026-04-05 22:31:31,996 [INFO] Analizando ETHUSDT D...
2026-04-05 22:31:32,482 [INFO] Sin señal — ETHUSDT D
2026-04-05 22:31:34,490 [INFO] Analizando SOLUSDT 15...
2026-04-05 22:31:34,951 [INFO] Sin señal — SOLUSDT 15
2026-04-05 22:31:36,961 [INFO] Analizando SOLUSDT 60...
2026-04-05 22:31:37,431 [INFO] Sin señal — SOLUSDT 60
2026-04-05 22:31:39,437 [INFO] Analizando SOLUSDT 240...
2026-04-05 22:31:39,988 [INFO] Sin señal — SOLUSDT 240
2026-04-05 22:31:41,998 [INFO] Analizando SOLUSDT D...
2026-04-05 22:31:42,503 [INFO] Sin señal — SOLUSDT D
2026-04-05 22:31:44,510 [INFO] Analizando XRPUSDT 15...
2026-04-05 22:31:44,977 [INFO] Sin señal — XRPUSDT 15
2026-04-05 22:31:46,987 [INFO] Analizando XRPUSDT 60...
2026-04-05 22:31:47,457 [INFO] Sin señal — XRPUSDT 60
2026-04-05 22:31:49,467 [INFO] Analizando XRPUSDT 240...
2026-04-05 22:31:50,124 [INFO] Sin señal — XRPUSDT 240
2026-04-05 22:31:52,135 [INFO] Analizando XRPUSDT D...
2026-04-05 22:31:52,611 [INFO] Sin señal — XRPUSDT D
2026-04-05 22:31:54,616 [INFO] Próximo análisis en 60s
2026-04-05 22:32:54,621 [INFO] Analizando BTCUSDT 15...
2026-04-05 22:32:55,412 [INFO] Sin señal — BTCUSDT 15
2026-04-05 22:32:57,421 [INFO] Analizando BTCUSDT 60...
2026-04-05 22:32:57,890 [INFO] Sin señal — BTCUSDT 60
2026-04-05 22:32:59,897 [INFO] Analizando BTCUSDT 240...
2026-04-05 22:33:00,367 [INFO] Sin señal — BTCUSDT 240
2026-04-05 22:33:02,370 [INFO] Analizando BTCUSDT D...
2026-04-05 22:33:02,853 [INFO] Sin señal — BTCUSDT D
2026-04-05 22:33:04,855 [INFO] Analizando ETHUSDT 15...
2026-04-05 22:33:05,630 [INFO] Sin señal — ETHUSDT 15
2026-04-05 22:33:07,637 [INFO] Analizando ETHUSDT 60...
2026-04-05 22:33:08,417 [INFO] Sin señal — ETHUSDT 60
2026-04-05 22:33:10,419 [INFO] Analizando ETHUSDT 240...
2026-04-05 22:33:10,913 [INFO] Sin señal — ETHUSDT 240
2026-04-05 22:33:12,917 [INFO] Analizando ETHUSDT D...
2026-04-05 22:33:13,479 [INFO] Sin señal — ETHUSDT D
2026-04-05 22:33:15,489 [INFO] Analizando SOLUSDT 15...
2026-04-05 22:33:16,138 [INFO] Sin señal — SOLUSDT 15
2026-04-05 22:33:18,149 [INFO] Analizando SOLUSDT 60...
2026-04-05 22:33:18,613 [INFO] Sin señal — SOLUSDT 60
2026-04-05 22:33:20,619 [INFO] Analizando SOLUSDT 240...
2026-04-05 22:33:21,218 [INFO] Sin señal — SOLUSDT 240
2026-04-05 22:33:23,229 [INFO] Analizando SOLUSDT D...
2026-04-05 22:33:23,699 [INFO] Sin señal — SOLUSDT D
2026-04-05 22:33:25,708 [INFO] Analizando XRPUSDT 15...
2026-04-05 22:33:26,171 [INFO] Sin señal — XRPUSDT 15
2026-04-05 22:33:28,179 [INFO] Analizando XRPUSDT 60...
2026-04-05 22:33:28,648 [INFO] Sin señal — XRPUSDT 60
2026-04-05 22:33:30,653 [INFO] Analizando XRPUSDT 240...
2026-04-05 22:33:31,119 [INFO] Sin señal — XRPUSDT 240
2026-04-05 22:33:33,123 [INFO] Analizando XRPUSDT D...
2026-04-05 22:33:33,883 [INFO] Sin señal — XRPUSDT D
2026-04-05 22:33:35,892 [INFO] Próximo análisis en 60s
2026-04-05 22:34:35,901 [INFO] Analizando BTCUSDT 15...
2026-04-05 22:34:36,420 [INFO] Sin señal — BTCUSDT 15
2026-04-05 22:34:38,430 [INFO] Analizando BTCUSDT 60...
2026-04-05 22:34:38,899 [INFO] Sin señal — BTCUSDT 60
2026-04-05 22:34:40,908 [INFO] Analizando BTCUSDT 240...
2026-04-05 22:34:41,376 [INFO] Sin señal — BTCUSDT 240
2026-04-05 22:34:43,383 [INFO] Analizando BTCUSDT D...
2026-04-05 22:34:43,958 [INFO] Sin señal — BTCUSDT D
2026-04-05 22:34:45,968 [INFO] Analizando ETHUSDT 15...
2026-04-05 22:34:46,437 [INFO] Sin señal — ETHUSDT 15
2026-04-05 22:34:48,440 [INFO] Analizando ETHUSDT 60...
2026-04-05 22:34:48,906 [INFO] Sin señal — ETHUSDT 60
2026-04-05 22:34:50,916 [INFO] Analizando ETHUSDT 240...
2026-04-05 22:34:51,387 [INFO] Sin señal — ETHUSDT 240
2026-04-05 22:34:53,396 [INFO] Analizando ETHUSDT D...
2026-04-05 22:34:54,016 [INFO] Sin señal — ETHUSDT D
2026-04-05 22:34:56,027 [INFO] Analizando SOLUSDT 15...
2026-04-05 22:34:56,490 [INFO] Sin señal — SOLUSDT 15
2026-04-05 22:34:58,496 [INFO] Analizando SOLUSDT 60...
2026-04-05 22:34:58,970 [INFO] Sin señal — SOLUSDT 60
2026-04-05 22:35:00,981 [INFO] Analizando SOLUSDT 240...
2026-04-05 22:35:01,721 [INFO] Sin señal — SOLUSDT 240
2026-04-05 22:35:03,725 [INFO] Analizando SOLUSDT D...
2026-04-05 22:35:04,278 [INFO] Sin señal — SOLUSDT D
2026-04-05 22:35:06,281 [INFO] Analizando XRPUSDT 15...
2026-04-05 22:35:06,763 [INFO] 🚨 SEÑAL LONG XRPUSDT 15 R/R:3.5
2026-04-05 22:35:08,768 [INFO] Analizando XRPUSDT 60...
2026-04-05 22:35:09,456 [INFO] Sin señal — XRPUSDT 60
2026-04-05 22:35:11,465 [INFO] Analizando XRPUSDT 240...
2026-04-05 22:35:11,930 [INFO] Sin señal — XRPUSDT 240
2026-04-05 22:35:13,940 [INFO] Analizando XRPUSDT D...
2026-04-05 22:35:14,411 [INFO] Sin señal — XRPUSDT D
2026-04-05 22:35:16,421 [INFO] Próximo análisis en 60s
2026-04-05 22:36:16,431 [INFO] Analizando BTCUSDT 15...
2026-04-05 22:36:17,041 [INFO] Sin señal — BTCUSDT 15
2026-04-05 22:36:19,050 [INFO] Analizando BTCUSDT 60...
2026-04-05 22:36:19,912 [INFO] Sin señal — BTCUSDT 60
2026-04-05 22:36:21,922 [INFO] Analizando BTCUSDT 240...
2026-04-05 22:36:22,390 [INFO] Sin señal — BTCUSDT 240
2026-04-05 22:36:24,401 [INFO] Analizando BTCUSDT D...
2026-04-05 22:36:24,856 [INFO] Sin señal — BTCUSDT D
2026-04-05 22:36:26,862 [INFO] Analizando ETHUSDT 15...
2026-04-05 22:36:27,469 [INFO] Sin señal — ETHUSDT 15
2026-04-05 22:36:29,479 [INFO] Analizando ETHUSDT 60...
2026-04-05 22:36:29,957 [INFO] Sin señal — ETHUSDT 60
2026-04-05 22:36:31,960 [INFO] Analizando ETHUSDT 240...
2026-04-05 22:36:32,720 [INFO] Sin señal — ETHUSDT 240
2026-04-05 22:36:34,730 [INFO] Analizando ETHUSDT D...
2026-04-05 22:36:35,200 [INFO] Sin señal — ETHUSDT D
2026-04-05 22:36:37,206 [INFO] Analizando SOLUSDT 15...
2026-04-05 22:36:37,677 [INFO] Sin señal — SOLUSDT 15
2026-04-05 22:36:39,678 [INFO] Analizando SOLUSDT 60...
2026-04-05 22:36:40,145 [INFO] Sin señal — SOLUSDT 60
2026-04-05 22:36:42,154 [INFO] Analizando SOLUSDT 240...
2026-04-05 22:36:42,625 [INFO] Sin señal — SOLUSDT 240
2026-04-05 22:36:44,636 [INFO] Analizando SOLUSDT D...
2026-04-05 22:36:45,101 [INFO] Sin señal — SOLUSDT D
2026-04-05 22:36:47,112 [INFO] Analizando XRPUSDT 15...
2026-04-05 22:36:47,602 [INFO] 🚨 SEÑAL LONG XRPUSDT 15 R/R:3.5
2026-04-05 22:36:49,609 [INFO] Analizando XRPUSDT 60...
2026-04-05 22:36:50,219 [INFO] Sin señal — XRPUSDT 60
2026-04-05 22:36:52,223 [INFO] Analizando XRPUSDT 240...
2026-04-05 22:36:53,142 [INFO] Sin señal — XRPUSDT 240
2026-04-05 22:36:55,151 [INFO] Analizando XRPUSDT D...
2026-04-05 22:36:55,622 [INFO] Sin señal — XRPUSDT D
2026-04-05 22:36:57,632 [INFO] Próximo análisis en 60s
2026-04-05 22:37:57,641 [INFO] Analizando BTCUSDT 15...
2026-04-05 22:37:58,144 [INFO] 🚨 SEÑAL SHORT BTCUSDT 15 R/R:8.02
2026-04-05 22:37:58,313 [INFO] Error 201
2026-04-05 22:38:00,322 [INFO] Analizando BTCUSDT 60...
2026-04-05 22:38:00,911 [INFO] Sin señal — BTCUSDT 60
2026-04-05 22:38:02,915 [INFO] Analizando BTCUSDT 240...
2026-04-05 22:38:03,386 [INFO] Sin señal — BTCUSDT 240
2026-04-05 22:38:05,395 [INFO] Analizando BTCUSDT D...
2026-04-05 22:38:05,861 [INFO] Sin señal — BTCUSDT D
2026-04-05 22:38:07,862 [INFO] Analizando ETHUSDT 15...
2026-04-05 22:38:08,329 [INFO] Sin señal — ETHUSDT 15
2026-04-05 22:38:10,332 [INFO] Analizando ETHUSDT 60...
2026-04-05 22:38:10,853 [INFO] Sin señal — ETHUSDT 60
2026-04-05 22:38:12,862 [INFO] Analizando ETHUSDT 240...
2026-04-05 22:38:13,410 [INFO] Sin señal — ETHUSDT 240
2026-04-05 22:38:15,419 [INFO] Analizando ETHUSDT D...
2026-04-05 22:38:15,890 [INFO] Sin señal — ETHUSDT D
2026-04-05 22:38:17,892 [INFO] Analizando SOLUSDT 15...
2026-04-05 22:38:18,356 [INFO] Sin señal — SOLUSDT 15
2026-04-05 22:38:20,365 [INFO] Analizando SOLUSDT 60...
2026-04-05 22:38:20,984 [INFO] Sin señal — SOLUSDT 60
2026-04-05 22:38:22,992 [INFO] Analizando SOLUSDT 240...
2026-04-05 22:38:23,469 [INFO] Sin señal — SOLUSDT 240
2026-04-05 22:38:25,477 [INFO] Analizando SOLUSDT D...
2026-04-05 22:38:25,936 [INFO] Sin señal — SOLUSDT D
2026-04-05 22:38:27,947 [INFO] Analizando XRPUSDT 15...
2026-04-05 22:38:28,565 [INFO] Sin señal — XRPUSDT 15
2026-04-05 22:38:30,572 [INFO] Analizando XRPUSDT 60...
2026-04-05 22:38:31,161 [INFO] Sin señal — XRPUSDT 60
2026-04-05 22:38:33,166 [INFO] Analizando XRPUSDT 240...
2026-04-05 22:38:33,747 [INFO] Sin señal — XRPUSDT 240
2026-04-05 22:38:35,755 [INFO] Analizando XRPUSDT D...
2026-04-05 22:38:36,234 [INFO] Sin señal — XRPUSDT D
2026-04-05 22:38:38,245 [INFO] Próximo análisis en 60s
2026-04-05 22:39:38,252 [INFO] Analizando BTCUSDT 15...
2026-04-05 22:39:38,780 [INFO] 🚨 SEÑAL SHORT BTCUSDT 15 R/R:8.11
2026-04-05 22:39:40,790 [INFO] Analizando BTCUSDT 60...
2026-04-05 22:39:41,425 [INFO] Sin señal — BTCUSDT 60
2026-04-05 22:39:43,435 [INFO] Analizando BTCUSDT 240...
2026-04-05 22:39:43,995 [INFO] Sin señal — BTCUSDT 240
2026-04-05 22:39:46,005 [INFO] Analizando BTCUSDT D...
2026-04-05 22:39:46,472 [INFO] Sin señal — BTCUSDT D
2026-04-05 22:39:48,483 [INFO] Analizando ETHUSDT 15...
2026-04-05 22:39:48,949 [INFO] 🚨 SEÑAL SHORT ETHUSDT 15 R/R:9.05
2026-04-05 22:39:50,955 [INFO] Analizando ETHUSDT 60...
2026-04-05 22:39:51,585 [INFO] Sin señal — ETHUSDT 60
2026-04-05 22:39:53,595 [INFO] Analizando ETHUSDT 240...
2026-04-05 22:39:54,058 [INFO] Sin señal — ETHUSDT 240
2026-04-05 22:39:56,068 [INFO] Analizando ETHUSDT D...
2026-04-05 22:39:56,676 [INFO] Sin señal — ETHUSDT D
2026-04-05 22:39:58,682 [INFO] Analizando SOLUSDT 15...
2026-04-05 22:39:59,149 [INFO] Sin señal — SOLUSDT 15
2026-04-05 22:40:01,152 [INFO] Analizando SOLUSDT 60...
2026-04-05 22:40:01,622 [INFO] Sin señal — SOLUSDT 60
2026-04-05 22:40:03,626 [INFO] Analizando SOLUSDT 240...
2026-04-05 22:40:04,356 [INFO] Sin señal — SOLUSDT 240
2026-04-05 22:40:06,361 [INFO] Analizando SOLUSDT D...
2026-04-05 22:40:06,572 [INFO] Analizando XRPUSDT 15...
2026-04-05 22:40:07,138 [INFO] Sin señal — XRPUSDT 15
2026-04-05 22:40:09,145 [INFO] Analizando XRPUSDT 60...
2026-04-05 22:40:09,609 [INFO] Sin señal — XRPUSDT 60
2026-04-05 22:40:11,610 [INFO] Analizando XRPUSDT 240...
2026-04-05 22:40:12,156 [INFO] Sin señal — XRPUSDT 240
2026-04-05 22:40:14,165 [INFO] Analizando XRPUSDT D...
2026-04-05 22:40:14,627 [INFO] Sin señal — XRPUSDT D
2026-04-05 22:40:16,635 [INFO] Próximo análisis en 60s
2026-04-05 22:41:16,645 [INFO] Analizando BTCUSDT 15...
2026-04-05 22:41:17,200 [INFO] 🚨 SEÑAL SHORT BTCUSDT 15 R/R:8.07
2026-04-05 22:41:19,203 [INFO] Analizando BTCUSDT 60...
2026-04-05 22:41:19,945 [INFO] Sin señal — BTCUSDT 60
2026-04-05 22:41:21,956 [INFO] Analizando BTCUSDT 240...
2026-04-05 22:41:22,430 [INFO] Sin señal — BTCUSDT 240
2026-04-05 22:41:24,440 [INFO] Analizando BTCUSDT D...
2026-04-05 22:41:24,963 [INFO] Sin señal — BTCUSDT D
2026-04-05 22:41:26,973 [INFO] Analizando ETHUSDT 15...
2026-04-05 22:41:27,447 [INFO] 🚨 SEÑAL SHORT ETHUSDT 15 R/R:9.08
2026-04-05 22:41:29,453 [INFO] Analizando ETHUSDT 60...
2026-04-05 22:41:30,083 [INFO] Sin señal — ETHUSDT 60
2026-04-05 22:41:32,086 [INFO] Analizando ETHUSDT 240...
2026-04-05 22:41:32,550 [INFO] Sin señal — ETHUSDT 240
2026-04-05 22:41:34,556 [INFO] Analizando ETHUSDT D...
2026-04-05 22:41:36,124 [INFO] Sin señal — ETHUSDT D
2026-04-05 22:41:38,133 [INFO] Analizando SOLUSDT 15...
2026-04-05 22:41:38,596 [INFO] Sin señal — SOLUSDT 15
2026-04-05 22:41:40,607 [INFO] Analizando SOLUSDT 60...
2026-04-05 22:41:41,449 [INFO] Sin señal — SOLUSDT 60
2026-04-05 22:41:43,459 [INFO] Analizando SOLUSDT 240...
2026-04-05 22:41:43,931 [INFO] Sin señal — SOLUSDT 240
2026-04-05 22:41:45,935 [INFO] Analizando SOLUSDT D...
2026-04-05 22:41:46,465 [INFO] Sin señal — SOLUSDT D
2026-04-05 22:41:48,474 [INFO] Analizando XRPUSDT 15...
2026-04-05 22:41:49,101 [INFO] Sin señal — XRPUSDT 15
2026-04-05 22:41:51,112 [INFO] Analizando XRPUSDT 60...
2026-04-05 22:41:51,577 [INFO] Sin señal — XRPUSDT 60
2026-04-05 22:41:53,585 [INFO] Analizando XRPUSDT 240...
2026-04-05 22:41:54,072 [INFO] Sin señal — XRPUSDT 240
2026-04-05 22:41:56,075 [INFO] Analizando XRPUSDT D...
2026-04-05 22:41:56,546 [INFO] Sin señal — XRPUSDT D
2026-04-05 22:41:58,550 [INFO] Próximo análisis en 60s
2026-04-05 22:42:58,556 [INFO] Analizando BTCUSDT 15...
2026-04-05 22:43:00,530 [INFO] 🚨 SEÑAL SHORT BTCUSDT 15 R/R:8.0
2026-04-05 22:43:02,541 [INFO] Analizando BTCUSDT 60...
2026-04-05 22:43:03,268 [INFO] Sin señal — BTCUSDT 60
2026-04-05 22:43:05,272 [INFO] Analizando BTCUSDT 240...
2026-04-05 22:43:05,734 [INFO] Sin señal — BTCUSDT 240
2026-04-05 22:43:07,743 [INFO] Analizando BTCUSDT D...
2026-04-05 22:43:08,214 [INFO] Sin señal — BTCUSDT D
2026-04-05 22:43:10,224 [INFO] Analizando ETHUSDT 15...
2026-04-05 22:43:10,701 [INFO] 🚨 SEÑAL SHORT ETHUSDT 15 R/R:8.9
2026-04-05 22:43:12,705 [INFO] Analizando ETHUSDT 60...
2026-04-05 22:43:13,167 [INFO] Sin señal — ETHUSDT 60
2026-04-05 22:43:15,176 [INFO] Analizando ETHUSDT 240...
2026-04-05 22:43:15,644 [INFO] Sin señal — ETHUSDT 240
2026-04-05 22:43:17,654 [INFO] Analizando ETHUSDT D...
2026-04-05 22:43:18,118 [INFO] Sin señal — ETHUSDT D
2026-04-05 22:43:20,128 [INFO] Analizando SOLUSDT 15...
2026-04-05 22:43:20,596 [INFO] Sin señal — SOLUSDT 15
2026-04-05 22:43:22,598 [INFO] Analizando SOLUSDT 60...
2026-04-05 22:43:23,063 [INFO] Sin señal — SOLUSDT 60
2026-04-05 22:43:25,064 [INFO] Analizando SOLUSDT 240...
2026-04-05 22:43:25,536 [INFO] Sin señal — SOLUSDT 240
2026-04-05 22:43:27,537 [INFO] Analizando SOLUSDT D...
2026-04-05 22:43:28,049 [INFO] Sin señal — SOLUSDT D
2026-04-05 22:43:30,055 [INFO] Analizando XRPUSDT 15...
2026-04-05 22:43:30,526 [INFO] 🚨 SEÑAL LONG XRPUSDT 15 R/R:3.5
2026-04-05 22:43:32,534 [INFO] Analizando XRPUSDT 60...
2026-04-05 22:43:33,170 [INFO] Sin señal — XRPUSDT 60
2026-04-05 22:43:35,173 [INFO] Analizando XRPUSDT 240...
2026-04-05 22:43:35,640 [INFO] Sin señal — XRPUSDT 240
2026-04-05 22:43:37,644 [INFO] Analizando XRPUSDT D...
2026-04-05 22:43:38,256 [INFO] Sin señal — XRPUSDT D
2026-04-05 22:43:40,263 [INFO] Próximo análisis en 60s
2026-04-05 22:44:40,275 [INFO] Analizando BTCUSDT 15...
2026-04-05 22:44:40,950 [INFO] 🚨 SEÑAL SHORT BTCUSDT 15 R/R:7.63
2026-04-05 22:44:42,959 [INFO] Analizando BTCUSDT 60...
2026-04-05 22:44:43,668 [INFO] Sin señal — BTCUSDT 60
2026-04-05 22:44:45,673 [INFO] Analizando BTCUSDT 240...
2026-04-05 22:44:46,149 [INFO] Sin señal — BTCUSDT 240
2026-04-05 22:44:48,159 [INFO] Analizando BTCUSDT D...
2026-04-05 22:44:48,887 [INFO] Sin señal — BTCUSDT D
2026-04-05 22:44:50,897 [INFO] Analizando ETHUSDT 15...
2026-04-05 22:44:51,367 [INFO] 🚨 SEÑAL LONG ETHUSDT 15 R/R:3.5
2026-04-05 22:44:53,375 [INFO] Analizando ETHUSDT 60...
2026-04-05 22:44:53,850 [INFO] Sin señal — ETHUSDT 60
2026-04-05 22:44:55,853 [INFO] Analizando ETHUSDT 240...
2026-04-05 22:44:56,741 [INFO] Sin señal — ETHUSDT 240
2026-04-05 22:44:58,751 [INFO] Analizando ETHUSDT D...
2026-04-05 22:45:00,313 [INFO] Sin señal — ETHUSDT D
2026-04-05 22:45:02,323 [INFO] Analizando SOLUSDT 15...
2026-04-05 22:45:02,776 [INFO] Sin señal — SOLUSDT 15
2026-04-05 22:45:04,783 [INFO] Analizando SOLUSDT 60...
2026-04-05 22:45:05,254 [INFO] Sin señal — SOLUSDT 60
2026-04-05 22:45:07,265 [INFO] Analizando SOLUSDT 240...
2026-04-05 22:45:07,826 [INFO] Sin señal — SOLUSDT 240
2026-04-05 22:45:09,833 [INFO] Analizando SOLUSDT D...
2026-04-05 22:45:10,553 [INFO] Sin señal — SOLUSDT D
2026-04-05 22:45:12,563 [INFO] Analizando XRPUSDT 15...
2026-04-05 22:45:13,027 [INFO] Sin señal — XRPUSDT 15
2026-04-05 22:45:15,033 [INFO] Analizando XRPUSDT 60...
2026-04-05 22:45:15,514 [INFO] Sin señal — XRPUSDT 60
2026-04-05 22:45:17,524 [INFO] Analizando XRPUSDT 240...
2026-04-05 22:45:17,997 [INFO] Sin señal — XRPUSDT 240
2026-04-05 22:45:19,999 [INFO] Analizando XRPUSDT D...
2026-04-05 22:45:20,477 [INFO] Sin señal — XRPUSDT D
2026-04-05 22:45:22,479 [INFO] Próximo análisis en 60s
2026-04-05 22:46:22,489 [INFO] Analizando BTCUSDT 15...
2026-04-05 22:46:23,010 [INFO] 🚨 SEÑAL SHORT BTCUSDT 15 R/R:8.13
2026-04-05 22:46:25,015 [INFO] Analizando BTCUSDT 60...
2026-04-05 22:46:25,662 [INFO] Sin señal — BTCUSDT 60
2026-04-05 22:46:27,667 [INFO] Analizando BTCUSDT 240...
2026-04-05 22:46:28,138 [INFO] Sin señal — BTCUSDT 240
2026-04-05 22:46:30,143 [INFO] Analizando BTCUSDT D...
2026-04-05 22:46:30,904 [INFO] Sin señal — BTCUSDT D
2026-04-05 22:46:32,914 [INFO] Analizando ETHUSDT 15...
2026-04-05 22:46:33,380 [INFO] Sin señal — ETHUSDT 15
2026-04-05 22:46:35,391 [INFO] Analizando ETHUSDT 60...
2026-04-05 22:46:35,860 [INFO] Sin señal — ETHUSDT 60
2026-04-05 22:46:37,864 [INFO] Analizando ETHUSDT 240...
2026-04-05 22:46:38,335 [INFO] Sin señal — ETHUSDT 240
2026-04-05 22:46:40,344 [INFO] Analizando ETHUSDT D...
2026-04-05 22:46:40,871 [INFO] Sin señal — ETHUSDT D
2026-04-05 22:46:42,872 [INFO] Analizando SOLUSDT 15...
2026-04-05 22:46:43,498 [INFO] Sin señal — SOLUSDT 15
2026-04-05 22:46:45,507 [INFO] Analizando SOLUSDT 60...
2026-04-05 22:46:45,969 [INFO] Sin señal — SOLUSDT 60
2026-04-05 22:46:47,973 [INFO] Analizando SOLUSDT 240...
2026-04-05 22:46:48,437 [INFO] Sin señal — SOLUSDT 240
2026-04-05 22:46:50,443 [INFO] Analizando SOLUSDT D...
2026-04-05 22:46:50,913 [INFO] Sin señal — SOLUSDT D
2026-04-05 22:46:52,922 [INFO] Analizando XRPUSDT 15...
2026-04-05 22:46:53,538 [INFO] Sin señal — XRPUSDT 15
2026-04-05 22:46:55,548 [INFO] Analizando XRPUSDT 60...
2026-04-05 22:46:56,015 [INFO] Sin señal — XRPUSDT 60
2026-04-05 22:46:58,022 [INFO] Analizando XRPUSDT 240...
2026-04-05 22:46:58,491 [INFO] Sin señal — XRPUSDT 240
2026-04-05 22:47:00,501 [INFO] Analizando XRPUSDT D...
2026-04-05 22:47:00,967 [INFO] Sin señal — XRPUSDT D
2026-04-05 22:47:02,975 [INFO] Próximo análisis en 60s
2026-04-05 22:48:02,977 [INFO] Analizando BTCUSDT 15...
2026-04-05 22:48:03,517 [INFO] 🚨 SEÑAL SHORT BTCUSDT 15 R/R:8.07
2026-04-05 22:48:05,525 [INFO] Analizando BTCUSDT 60...
2026-04-05 22:48:05,996 [INFO] Sin señal — BTCUSDT 60
2026-04-05 22:48:08,007 [INFO] Analizando BTCUSDT 240...
2026-04-05 22:48:08,475 [INFO] Sin señal — BTCUSDT 240
2026-04-05 22:48:10,482 [INFO] Analizando BTCUSDT D...
2026-04-05 22:48:11,096 [INFO] Sin señal — BTCUSDT D
2026-04-05 22:48:13,102 [INFO] Analizando ETHUSDT 15...
2026-04-05 22:48:13,554 [INFO] Sin señal — ETHUSDT 15
2026-04-05 22:48:15,564 [INFO] Analizando ETHUSDT 60...
2026-04-05 22:48:16,031 [INFO] Sin señal — ETHUSDT 60
2026-04-05 22:48:18,039 [INFO] Analizando ETHUSDT 240...
2026-04-05 22:48:18,736 [INFO] Sin señal — ETHUSDT 240
2026-04-05 22:48:20,747 [INFO] Analizando ETHUSDT D...
2026-04-05 22:48:21,365 [INFO] Sin señal — ETHUSDT D
2026-04-05 22:48:23,372 [INFO] Analizando SOLUSDT 15...
2026-04-05 22:48:23,841 [INFO] Sin señal — SOLUSDT 15
2026-04-05 22:48:25,848 [INFO] Analizando SOLUSDT 60...
2026-04-05 22:48:26,551 [INFO] Sin señal — SOLUSDT 60
2026-04-05 22:48:28,557 [INFO] Analizando SOLUSDT 240...
2026-04-05 22:48:29,024 [INFO] Sin señal — SOLUSDT 240
2026-04-05 22:48:31,025 [INFO] Analizando SOLUSDT D...
2026-04-05 22:48:31,604 [INFO] Sin señal — SOLUSDT D
2026-04-05 22:48:33,612 [INFO] Analizando XRPUSDT 15...
2026-04-05 22:48:34,334 [INFO] Sin señal — XRPUSDT 15
2026-04-05 22:48:36,335 [INFO] Analizando XRPUSDT 60...
2026-04-05 22:48:36,895 [INFO] Sin señal — XRPUSDT 60
2026-04-05 22:48:38,905 [INFO] Analizando XRPUSDT 240...
2026-04-05 22:48:39,522 [INFO] Sin señal — XRPUSDT 240
2026-04-05 22:48:41,526 [INFO] Analizando XRPUSDT D...
2026-04-05 22:48:41,986 [INFO] Sin señal — XRPUSDT D
2026-04-05 22:48:43,996 [INFO] Próximo análisis en 60s
2026-04-05 22:49:43,998 [INFO] Analizando BTCUSDT 15...
2026-04-05 22:49:44,516 [INFO] 🚨 SEÑAL SHORT BTCUSDT 15 R/R:8.1
2026-04-05 22:49:46,520 [INFO] Analizando BTCUSDT 60...
2026-04-05 22:49:46,990 [INFO] Sin señal — BTCUSDT 60
2026-04-05 22:49:48,996 [INFO] Analizando BTCUSDT 240...
2026-04-05 22:49:50,009 [INFO] Sin señal — BTCUSDT 240
2026-04-05 22:49:52,015 [INFO] Analizando BTCUSDT D...
2026-04-05 22:49:52,639 [INFO] Sin señal — BTCUSDT D
2026-04-05 22:49:54,650 [INFO] Analizando ETHUSDT 15...
2026-04-05 22:49:55,268 [INFO] Sin señal — ETHUSDT 15
2026-04-05 22:49:57,278 [INFO] Analizando ETHUSDT 60...
2026-04-05 22:49:57,743 [INFO] Sin señal — ETHUSDT 60
2026-04-05 22:49:59,752 [INFO] Analizando ETHUSDT 240...
2026-04-05 22:50:00,222 [INFO] Sin señal — ETHUSDT 240
2026-04-05 22:50:02,233 [INFO] Analizando ETHUSDT D...
2026-04-05 22:50:02,699 [INFO] Sin señal — ETHUSDT D
2026-04-05 22:50:04,710 [INFO] Analizando SOLUSDT 15...
2026-04-05 22:50:05,183 [INFO] Sin señal — SOLUSDT 15
2026-04-05 22:50:07,192 [INFO] Analizando SOLUSDT 60...
2026-04-05 22:50:07,655 [INFO] Sin señal — SOLUSDT 60
2026-04-05 22:50:09,666 [INFO] Analizando SOLUSDT 240...
2026-04-05 22:50:10,135 [INFO] Sin señal — SOLUSDT 240
2026-04-05 22:50:12,142 [INFO] Analizando SOLUSDT D...
2026-04-05 22:50:13,050 [INFO] Sin señal — SOLUSDT D
2026-04-05 22:50:15,058 [INFO] Analizando XRPUSDT 15...
2026-04-05 22:50:15,529 [INFO] Sin señal — XRPUSDT 15
2026-04-05 22:50:17,538 [INFO] Analizando XRPUSDT 60...
2026-04-05 22:50:17,999 [INFO] Sin señal — XRPUSDT 60
2026-04-05 22:50:20,010 [INFO] Analizando XRPUSDT 240...
2026-04-05 22:50:20,467 [INFO] Sin señal — XRPUSDT 240
2026-04-05 22:50:22,471 [INFO] Analizando XRPUSDT D...
2026-04-05 22:50:23,000 [INFO] Sin señal — XRPUSDT D
2026-04-05 22:50:25,011 [INFO] Próximo análisis en 60s
2026-04-05 22:51:25,021 [INFO] Analizando BTCUSDT 15...
2026-04-05 22:51:25,686 [INFO] 🚨 SEÑAL SHORT BTCUSDT 15 R/R:7.92
2026-04-05 22:51:27,693 [INFO] Analizando BTCUSDT 60...
2026-04-05 22:51:28,253 [INFO] Sin señal — BTCUSDT 60
2026-04-05 22:51:30,262 [INFO] Analizando BTCUSDT 240...
2026-04-05 22:51:30,731 [INFO] Sin señal — BTCUSDT 240
2026-04-05 22:51:32,742 [INFO] Analizando BTCUSDT D...
2026-04-05 22:51:33,195 [INFO] Sin señal — BTCUSDT D
2026-04-05 22:51:35,205 [INFO] Analizando ETHUSDT 15...
2026-04-05 22:51:35,673 [INFO] Sin señal — ETHUSDT 15
2026-04-05 22:51:37,679 [INFO] Analizando ETHUSDT 60...
2026-04-05 22:51:38,248 [INFO] Sin señal — ETHUSDT 60
2026-04-05 22:51:40,255 [INFO] Analizando ETHUSDT 240...
2026-04-05 22:51:40,738 [INFO] Sin señal — ETHUSDT 240
2026-04-05 22:51:42,747 [INFO] Analizando ETHUSDT D...
2026-04-05 22:51:43,266 [INFO] Sin señal — ETHUSDT D
2026-04-05 22:51:45,276 [INFO] Analizando SOLUSDT 15...
2026-04-05 22:51:45,742 [INFO] Sin señal — SOLUSDT 15
2026-04-05 22:51:47,747 [INFO] Analizando SOLUSDT 60...
2026-04-05 22:51:48,386 [INFO] Sin señal — SOLUSDT 60
2026-04-05 22:51:50,396 [INFO] Analizando SOLUSDT 240...
2026-04-05 22:51:50,863 [INFO] Sin señal — SOLUSDT 240
2026-04-05 22:51:52,871 [INFO] Analizando SOLUSDT D...
2026-04-05 22:51:53,337 [INFO] Sin señal — SOLUSDT D
2026-04-05 22:51:55,346 [INFO] Analizando XRPUSDT 15...
2026-04-05 22:51:56,118 [INFO] Sin señal — XRPUSDT 15
2026-04-05 22:51:58,120 [INFO] Analizando XRPUSDT 60...
2026-04-05 22:51:58,592 [INFO] Sin señal — XRPUSDT 60
2026-04-05 22:52:00,601 [INFO] Analizando XRPUSDT 240...
2026-04-05 22:52:01,069 [INFO] Sin señal — XRPUSDT 240
2026-04-05 22:52:03,076 [INFO] Analizando XRPUSDT D...
2026-04-05 22:52:03,545 [INFO] Sin señal — XRPUSDT D
2026-04-05 22:52:05,555 [INFO] Próximo análisis en 60s
2026-04-05 22:53:05,565 [INFO] Analizando BTCUSDT 15...
2026-04-05 22:53:06,218 [INFO] 🚨 SEÑAL SHORT BTCUSDT 15 R/R:7.89
2026-04-05 22:53:08,228 [INFO] Analizando BTCUSDT 60...
2026-04-05 22:53:08,845 [INFO] Sin señal — BTCUSDT 60
2026-04-05 22:53:10,856 [INFO] Analizando BTCUSDT 240...
2026-04-05 22:53:11,466 [INFO] Sin señal — BTCUSDT 240
2026-04-05 22:53:13,471 [INFO] Analizando BTCUSDT D...
2026-04-05 22:53:14,094 [INFO] Sin señal — BTCUSDT D
2026-04-05 22:53:16,101 [INFO] Analizando ETHUSDT 15...
2026-04-05 22:53:16,725 [INFO] Sin señal — ETHUSDT 15
2026-04-05 22:53:18,736 [INFO] Analizando ETHUSDT 60...
2026-04-05 22:53:19,205 [INFO] Sin señal — ETHUSDT 60
2026-04-05 22:53:21,213 [INFO] Analizando ETHUSDT 240...
2026-04-05 22:53:21,695 [INFO] Sin señal — ETHUSDT 240
2026-04-05 22:53:23,697 [INFO] Analizando ETHUSDT D...
2026-04-05 22:53:24,311 [INFO] Sin señal — ETHUSDT D
2026-04-05 22:53:26,320 [INFO] Analizando SOLUSDT 15...
2026-04-05 22:53:26,782 [INFO] Sin señal — SOLUSDT 15
2026-04-05 22:53:28,790 [INFO] Analizando SOLUSDT 60...
2026-04-05 22:53:29,260 [INFO] Sin señal — SOLUSDT 60
2026-04-05 22:53:31,269 [INFO] Analizando SOLUSDT 240...
2026-04-05 22:53:31,749 [INFO] Sin señal — SOLUSDT 240
2026-04-05 22:53:33,759 [INFO] Analizando SOLUSDT D...
2026-04-05 22:53:34,227 [INFO] Sin señal — SOLUSDT D
2026-04-05 22:53:36,236 [INFO] Analizando XRPUSDT 15...
2026-04-05 22:53:36,709 [INFO] Sin señal — XRPUSDT 15
2026-04-05 22:53:38,720 [INFO] Analizando XRPUSDT 60...
2026-04-05 22:53:39,191 [INFO] Sin señal — XRPUSDT 60
2026-04-05 22:53:41,194 [INFO] Analizando XRPUSDT 240...
2026-04-05 22:53:41,653 [INFO] Sin señal — XRPUSDT 240
2026-04-05 22:53:43,659 [INFO] Analizando XRPUSDT D...
2026-04-05 22:53:44,115 [INFO] Sin señal — XRPUSDT D
2026-04-05 22:53:46,124 [INFO] Próximo análisis en 60s
2026-04-05 22:54:46,130 [INFO] Analizando BTCUSDT 15...
2026-04-05 22:54:46,642 [INFO] 🚨 SEÑAL SHORT BTCUSDT 15 R/R:7.9
2026-04-05 22:54:48,648 [INFO] Analizando BTCUSDT 60...
2026-04-05 22:54:49,114 [INFO] Sin señal — BTCUSDT 60
2026-04-05 22:54:51,124 [INFO] Analizando BTCUSDT 240...
2026-04-05 22:54:51,683 [INFO] Sin señal — BTCUSDT 240
2026-04-05 22:54:53,683 [INFO] Analizando BTCUSDT D...
2026-04-05 22:54:54,160 [INFO] Sin señal — BTCUSDT D
2026-04-05 22:54:56,162 [INFO] Analizando ETHUSDT 15...
2026-04-05 22:54:56,627 [INFO] Sin señal — ETHUSDT 15
2026-04-05 22:54:58,634 [INFO] Analizando ETHUSDT 60...
2026-04-05 22:54:59,302 [INFO] Sin señal — ETHUSDT 60
2026-04-05 22:55:01,312 [INFO] Analizando ETHUSDT 240...
2026-04-05 22:55:01,805 [INFO] Sin señal — ETHUSDT 240
2026-04-05 22:55:03,810 [INFO] Analizando ETHUSDT D...
2026-04-05 22:55:04,430 [INFO] Sin señal — ETHUSDT D
2026-04-05 22:55:06,439 [INFO] Analizando SOLUSDT 15...
2026-04-05 22:55:06,904 [INFO] Sin señal — SOLUSDT 15
2026-04-05 22:55:08,910 [INFO] Analizando SOLUSDT 60...
2026-04-05 22:55:09,552 [INFO] Sin señal — SOLUSDT 60
2026-04-05 22:55:11,559 [INFO] Analizando SOLUSDT 240...
2026-04-05 22:55:12,181 [INFO] Sin señal — SOLUSDT 240
2026-04-05 22:55:14,189 [INFO] Analizando SOLUSDT D...
2026-04-05 22:55:14,810 [INFO] Sin señal — SOLUSDT D
2026-04-05 22:55:16,820 [INFO] Analizando XRPUSDT 15...
2026-04-05 22:55:17,290 [INFO] Sin señal — XRPUSDT 15
2026-04-05 22:55:19,297 [INFO] Analizando XRPUSDT 60...
2026-04-05 22:55:19,914 [INFO] Sin señal — XRPUSDT 60
2026-04-05 22:55:21,920 [INFO] Analizando XRPUSDT 240...
2026-04-05 22:55:23,067 [INFO] Sin señal — XRPUSDT 240
2026-04-05 22:55:25,078 [INFO] Analizando XRPUSDT D...
2026-04-05 22:55:25,550 [INFO] Sin señal — XRPUSDT D
2026-04-05 22:55:27,555 [INFO] Próximo análisis en 60s
2026-04-05 22:56:27,559 [INFO] Analizando BTCUSDT 15...
2026-04-05 22:56:28,151 [INFO] 🚨 SEÑAL SHORT BTCUSDT 15 R/R:8.05
2026-04-05 22:56:30,157 [INFO] Analizando BTCUSDT 60...
2026-04-05 22:56:30,620 [INFO] Sin señal — BTCUSDT 60
2026-04-05 22:56:32,631 [INFO] Analizando BTCUSDT 240...
2026-04-05 22:56:33,233 [INFO] Sin señal — BTCUSDT 240
2026-04-05 22:56:35,243 [INFO] Analizando BTCUSDT D...
2026-04-05 22:56:35,858 [INFO] Sin señal — BTCUSDT D
2026-04-05 22:56:37,861 [INFO] Analizando ETHUSDT 15...
2026-04-05 22:56:38,385 [INFO] Sin señal — ETHUSDT 15
2026-04-05 22:56:40,395 [INFO] Analizando ETHUSDT 60...
2026-04-05 22:56:40,868 [INFO] Sin señal — ETHUSDT 60
2026-04-05 22:56:42,879 [INFO] Analizando ETHUSDT 240...
2026-04-05 22:56:43,350 [INFO] Sin señal — ETHUSDT 240
2026-04-05 22:56:45,354 [INFO] Analizando ETHUSDT D...
2026-04-05 22:56:45,865 [INFO] Sin señal — ETHUSDT D
2026-04-05 22:56:47,875 [INFO] Analizando SOLUSDT 15...
2026-04-05 22:56:48,727 [INFO] Sin señal — SOLUSDT 15
2026-04-05 22:56:50,737 [INFO] Analizando SOLUSDT 60...
2026-04-05 22:56:51,230 [INFO] Sin señal — SOLUSDT 60
2026-04-05 22:56:53,237 [INFO] Analizando SOLUSDT 240...
2026-04-05 22:56:53,702 [INFO] Sin señal — SOLUSDT 240
2026-04-05 22:56:55,712 [INFO] Analizando SOLUSDT D...
2026-04-05 22:56:56,177 [INFO] Sin señal — SOLUSDT D
2026-04-05 22:56:58,177 [INFO] Analizando XRPUSDT 15...
2026-04-05 22:56:58,805 [INFO] Sin señal — XRPUSDT 15
2026-04-05 22:57:00,815 [INFO] Analizando XRPUSDT 60...
2026-04-05 22:57:01,291 [INFO] Sin señal — XRPUSDT 60
2026-04-05 22:57:03,292 [INFO] Analizando XRPUSDT 240...
2026-04-05 22:57:03,789 [INFO] Sin señal — XRPUSDT 240
2026-04-05 22:57:05,791 [INFO] Analizando XRPUSDT D...
2026-04-05 22:57:06,407 [INFO] Sin señal — XRPUSDT D
2026-04-05 22:57:08,411 [INFO] Próximo análisis en 60s
2026-04-05 22:58:08,422 [INFO] Analizando BTCUSDT 15...
2026-04-05 22:58:08,938 [INFO] 🚨 SEÑAL SHORT BTCUSDT 15 R/R:8.0
2026-04-05 22:58:10,949 [INFO] Analizando BTCUSDT 60...
2026-04-05 22:58:11,418 [INFO] Sin señal — BTCUSDT 60
2026-04-05 22:58:13,424 [INFO] Analizando BTCUSDT 240...
2026-04-05 22:58:13,894 [INFO] Sin señal — BTCUSDT 240
2026-04-05 22:58:15,896 [INFO] Analizando BTCUSDT D...
2026-04-05 22:58:16,510 [INFO] Sin señal — BTCUSDT D
2026-04-05 22:58:18,518 [INFO] Analizando ETHUSDT 15...
2026-04-05 22:58:18,981 [INFO] Sin señal — ETHUSDT 15
2026-04-05 22:58:20,989 [INFO] Analizando ETHUSDT 60...
2026-04-05 22:58:21,462 [INFO] Sin señal — ETHUSDT 60
2026-04-05 22:58:23,472 [INFO] Analizando ETHUSDT 240...
2026-04-05 22:58:23,938 [INFO] Sin señal — ETHUSDT 240
2026-04-05 22:58:25,939 [INFO] Analizando ETHUSDT D...
2026-04-05 22:58:26,402 [INFO] Sin señal — ETHUSDT D
2026-04-05 22:58:28,411 [INFO] Analizando SOLUSDT 15...
2026-04-05 22:58:28,890 [INFO] Sin señal — SOLUSDT 15
2026-04-05 22:58:30,901 [INFO] Analizando SOLUSDT 60...
2026-04-05 22:58:31,432 [INFO] Sin señal — SOLUSDT 60
2026-04-05 22:58:33,442 [INFO] Analizando SOLUSDT 240...
2026-04-05 22:58:33,910 [INFO] Sin señal — SOLUSDT 240
2026-04-05 22:58:35,917 [INFO] Analizando SOLUSDT D...
2026-04-05 22:58:36,384 [INFO] Sin señal — SOLUSDT D
2026-04-05 22:58:38,389 [INFO] Analizando XRPUSDT 15...
2026-04-05 22:58:38,860 [INFO] Sin señal — XRPUSDT 15
2026-04-05 22:58:40,869 [INFO] Analizando XRPUSDT 60...
2026-04-05 22:58:41,340 [INFO] Sin señal — XRPUSDT 60
2026-04-05 22:58:43,349 [INFO] Analizando XRPUSDT 240...
2026-04-05 22:58:43,822 [INFO] Sin señal — XRPUSDT 240
2026-04-05 22:58:45,830 [INFO] Analizando XRPUSDT D...
2026-04-05 22:58:46,746 [INFO] Sin señal — XRPUSDT D
2026-04-05 22:58:48,748 [INFO] Próximo análisis en 60s
2026-04-05 22:59:48,758 [INFO] Analizando BTCUSDT 15...
2026-04-05 22:59:49,261 [INFO] 🚨 SEÑAL SHORT BTCUSDT 15 R/R:8.06
2026-04-05 22:59:51,268 [INFO] Analizando BTCUSDT 60...
2026-04-05 22:59:51,739 [INFO] Sin señal — BTCUSDT 60
2026-04-05 22:59:53,748 [INFO] Analizando BTCUSDT 240...
2026-04-05 22:59:54,214 [INFO] Sin señal — BTCUSDT 240
2026-04-05 22:59:56,222 [INFO] Analizando BTCUSDT D...
2026-04-05 22:59:56,760 [INFO] Sin señal — BTCUSDT D
2026-04-05 22:59:58,765 [INFO] Analizando ETHUSDT 15...
2026-04-05 22:59:59,253 [INFO] Sin señal — ETHUSDT 15
2026-04-05 23:00:01,257 [INFO] Analizando ETHUSDT 60...
2026-04-05 23:00:01,835 [INFO] Sin señal — ETHUSDT 60
2026-04-05 23:00:03,836 [INFO] Analizando ETHUSDT 240...
2026-04-05 23:00:04,644 [INFO] Sin señal — ETHUSDT 240
2026-04-05 23:00:06,646 [INFO] Analizando ETHUSDT D...
2026-04-05 23:00:06,877 [INFO] Analizando SOLUSDT 15...
2026-04-05 23:00:07,440 [INFO] Sin señal — SOLUSDT 15
2026-04-05 23:00:09,443 [INFO] Analizando SOLUSDT 60...
2026-04-05 23:00:09,702 [INFO] Analizando SOLUSDT 240...
2026-04-05 23:00:10,544 [INFO] Sin señal — SOLUSDT 240
2026-04-05 23:00:12,549 [INFO] Analizando SOLUSDT D...
2026-04-05 23:00:12,917 [INFO] Analizando XRPUSDT 15...
2026-04-05 23:00:13,531 [INFO] Sin señal — XRPUSDT 15
2026-04-05 23:00:15,533 [INFO] Analizando XRPUSDT 60...
2026-04-05 23:00:16,148 [INFO] Sin señal — XRPUSDT 60
2026-04-05 23:00:18,154 [INFO] Analizando XRPUSDT 240...
2026-04-05 23:00:18,412 [INFO] Analizando XRPUSDT D...
2026-04-05 23:00:19,167 [INFO] Sin señal — XRPUSDT D
2026-04-05 23:00:21,170 [INFO] Próximo análisis en 60s
2026-04-05 23:01:21,175 [INFO] Analizando BTCUSDT 15...
2026-04-05 23:01:21,852 [INFO] 🚨 SEÑAL SHORT BTCUSDT 15 R/R:8.15
2026-04-05 23:01:23,857 [INFO] Analizando BTCUSDT 60...
2026-04-05 23:01:24,474 [INFO] Sin señal — BTCUSDT 60
2026-04-05 23:01:26,475 [INFO] Analizando BTCUSDT 240...
2026-04-05 23:01:27,159 [INFO] Sin señal — BTCUSDT 240
2026-04-05 23:01:29,163 [INFO] Analizando BTCUSDT D...
2026-04-05 23:01:29,716 [INFO] Sin señal — BTCUSDT D
2026-04-05 23:01:31,721 [INFO] Analizando ETHUSDT 15...
2026-04-05 23:01:32,331 [INFO] Sin señal — ETHUSDT 15
2026-04-05 23:01:34,335 [INFO] Analizando ETHUSDT 60...
2026-04-05 23:01:34,959 [INFO] Sin señal — ETHUSDT 60
2026-04-05 23:01:36,963 [INFO] Analizando ETHUSDT 240...
2026-04-05 23:01:37,576 [INFO] Sin señal — ETHUSDT 240
2026-04-05 23:01:39,577 [INFO] Analizando ETHUSDT D...
2026-04-05 23:01:40,201 [INFO] Sin señal — ETHUSDT D
2026-04-05 23:01:42,207 [INFO] Analizando SOLUSDT 15...
2026-04-05 23:01:42,827 [INFO] Sin señal — SOLUSDT 15
2026-04-05 23:01:44,829 [INFO] Analizando SOLUSDT 60...
2026-04-05 23:01:45,444 [INFO] Sin señal — SOLUSDT 60
2026-04-05 23:01:47,445 [INFO] Analizando SOLUSDT 240...
2026-04-05 23:01:48,154 [INFO] Sin señal — SOLUSDT 240
2026-04-05 23:01:50,160 [INFO] Analizando SOLUSDT D...
2026-04-05 23:01:50,916 [INFO] Sin señal — SOLUSDT D
2026-04-05 23:01:52,921 [INFO] Analizando XRPUSDT 15...
2026-04-05 23:01:53,620 [INFO] Sin señal — XRPUSDT 15
2026-04-05 23:01:55,626 [INFO] Analizando XRPUSDT 60...
2026-04-05 23:01:56,130 [INFO] Sin señal — XRPUSDT 60
2026-04-05 23:01:58,133 [INFO] Analizando XRPUSDT 240...
2026-04-05 23:01:58,801 [INFO] Sin señal — XRPUSDT 240
2026-04-05 23:02:00,803 [INFO] Analizando XRPUSDT D...
2026-04-05 23:02:01,235 [INFO] Sin señal — XRPUSDT D
2026-04-05 23:02:03,237 [INFO] Próximo análisis en 60s
2026-04-05 23:03:03,240 [INFO] Analizando BTCUSDT 15...
2026-04-05 23:03:03,908 [INFO] Sin señal — BTCUSDT 15
2026-04-05 23:03:05,914 [INFO] Analizando BTCUSDT 60...
2026-04-05 23:03:06,570 [INFO] Sin señal — BTCUSDT 60
2026-04-05 23:03:08,574 [INFO] Analizando BTCUSDT 240...
2026-04-05 23:03:09,055 [INFO] Sin señal — BTCUSDT 240
2026-04-05 23:03:11,057 [INFO] Analizando BTCUSDT D...
2026-04-05 23:03:11,604 [INFO] Sin señal — BTCUSDT D
2026-04-05 23:03:13,609 [INFO] Analizando ETHUSDT 15...
2026-04-05 23:03:14,061 [INFO] 🚨 SEÑAL SHORT ETHUSDT 15 R/R:6.81
2026-04-05 23:03:14,235 [INFO] Error 201
2026-04-05 23:03:16,242 [INFO] Analizando ETHUSDT 60...
2026-04-05 23:03:16,689 [INFO] Sin señal — ETHUSDT 60
2026-04-05 23:03:18,694 [INFO] Analizando ETHUSDT 240...
2026-04-05 23:03:19,292 [INFO] Sin señal — ETHUSDT 240
2026-04-05 23:03:21,297 [INFO] Analizando ETHUSDT D...
2026-04-05 23:03:22,280 [INFO] Sin señal — ETHUSDT D
2026-04-05 23:03:24,285 [INFO] Analizando SOLUSDT 15...
2026-04-05 23:03:24,767 [INFO] Sin señal — SOLUSDT 15
2026-04-05 23:03:26,773 [INFO] Analizando SOLUSDT 60...
2026-04-05 23:03:27,219 [INFO] Sin señal — SOLUSDT 60
2026-04-05 23:03:29,222 [INFO] Analizando SOLUSDT 240...
2026-04-05 23:03:29,777 [INFO] Sin señal — SOLUSDT 240
2026-04-05 23:03:31,783 [INFO] Analizando SOLUSDT D...
2026-04-05 23:03:32,498 [INFO] Sin señal — SOLUSDT D
2026-04-05 23:03:34,503 [INFO] Analizando XRPUSDT 15...
2026-04-05 23:03:35,015 [INFO] Sin señal — XRPUSDT 15
2026-04-05 23:03:37,021 [INFO] Analizando XRPUSDT 60...
2026-04-05 23:03:37,667 [INFO] 🚨 SEÑAL SHORT XRPUSDT 60 R/R:4.93
2026-04-05 23:03:37,801 [INFO] Error 201
2026-04-05 23:03:39,809 [INFO] Analizando XRPUSDT 240...
2026-04-05 23:03:40,264 [INFO] Sin señal — XRPUSDT 240
2026-04-05 23:03:42,268 [INFO] Analizando XRPUSDT D...
2026-04-05 23:03:42,885 [INFO] Sin señal — XRPUSDT D
2026-04-05 23:03:44,887 [INFO] Próximo análisis en 60s
2026-04-05 23:04:44,892 [INFO] Analizando BTCUSDT 15...
2026-04-05 23:04:45,479 [INFO] 🚨 SEÑAL SHORT BTCUSDT 15 R/R:7.96
2026-04-05 23:04:47,484 [INFO] Analizando BTCUSDT 60...
2026-04-05 23:04:48,275 [INFO] Sin señal — BTCUSDT 60
2026-04-05 23:04:50,277 [INFO] Analizando BTCUSDT 240...
2026-04-05 23:04:50,763 [INFO] Sin señal — BTCUSDT 240
2026-04-05 23:04:52,768 [INFO] Analizando BTCUSDT D...
2026-04-05 23:04:53,311 [INFO] Sin señal — BTCUSDT D
2026-04-05 23:04:55,316 [INFO] Analizando ETHUSDT 15...
2026-04-05 23:04:55,772 [INFO] Sin señal — ETHUSDT 15
2026-04-05 23:04:57,776 [INFO] Analizando ETHUSDT 60...
2026-04-05 23:04:58,450 [INFO] Sin señal — ETHUSDT 60
2026-04-05 23:05:00,455 [INFO] Analizando ETHUSDT 240...
2026-04-05 23:05:01,311 [INFO] Sin señal — ETHUSDT 240
2026-04-05 23:05:03,316 [INFO] Analizando ETHUSDT D...
2026-04-05 23:05:03,923 [INFO] Sin señal — ETHUSDT D
2026-04-05 23:05:05,924 [INFO] Analizando SOLUSDT 15...
2026-04-05 23:05:06,448 [INFO] Sin señal — SOLUSDT 15
2026-04-05 23:05:08,452 [INFO] Analizando SOLUSDT 60...
2026-04-05 23:05:09,103 [INFO] Sin señal — SOLUSDT 60
2026-04-05 23:05:11,106 [INFO] Analizando SOLUSDT 240...
2026-04-05 23:05:11,550 [INFO] Sin señal — SOLUSDT 240
2026-04-05 23:05:13,554 [INFO] Analizando SOLUSDT D...
2026-04-05 23:05:14,387 [INFO] Sin señal — SOLUSDT D
2026-04-05 23:05:16,392 [INFO] Analizando XRPUSDT 15...
2026-04-05 23:05:16,949 [INFO] Sin señal — XRPUSDT 15
2026-04-05 23:05:18,954 [INFO] Analizando XRPUSDT 60...
2026-04-05 23:05:19,402 [INFO] Sin señal — XRPUSDT 60
2026-04-05 23:05:21,407 [INFO] Analizando XRPUSDT 240...
2026-04-05 23:05:22,010 [INFO] Sin señal — XRPUSDT 240
2026-04-05 23:05:24,014 [INFO] Analizando XRPUSDT D...
2026-04-05 23:05:24,598 [INFO] Sin señal — XRPUSDT D
2026-04-05 23:05:26,601 [INFO] Próximo análisis en 60s
2026-04-05 23:06:26,605 [INFO] Analizando BTCUSDT 15...
2026-04-05 23:06:27,201 [INFO] 🚨 SEÑAL SHORT BTCUSDT 15 R/R:8.05
2026-04-05 23:06:29,207 [INFO] Analizando BTCUSDT 60...
2026-04-05 23:06:30,135 [INFO] Sin señal — BTCUSDT 60
2026-04-05 23:06:32,140 [INFO] Analizando BTCUSDT 240...
2026-04-05 23:06:32,754 [INFO] Sin señal — BTCUSDT 240
2026-04-05 23:06:34,758 [INFO] Analizando BTCUSDT D...
2026-04-05 23:06:35,376 [INFO] Sin señal — BTCUSDT D
2026-04-05 23:06:37,378 [INFO] Analizando ETHUSDT 15...
2026-04-05 23:06:38,233 [INFO] Sin señal — ETHUSDT 15
2026-04-05 23:06:40,238 [INFO] Analizando ETHUSDT 60...
2026-04-05 23:06:40,678 [INFO] Sin señal — ETHUSDT 60
2026-04-05 23:06:42,682 [INFO] Analizando ETHUSDT 240...
2026-04-05 23:06:43,153 [INFO] Sin señal — ETHUSDT 240
2026-04-05 23:06:45,157 [INFO] Analizando ETHUSDT D...
2026-04-05 23:06:45,761 [INFO] Sin señal — ETHUSDT D
2026-04-05 23:06:47,762 [INFO] Analizando SOLUSDT 15...
2026-04-05 23:06:48,216 [INFO] Sin señal — SOLUSDT 15
2026-04-05 23:06:50,219 [INFO] Analizando SOLUSDT 60...
2026-04-05 23:06:50,754 [INFO] Sin señal — SOLUSDT 60
2026-04-05 23:06:52,756 [INFO] Analizando SOLUSDT 240...
2026-04-05 23:06:53,513 [INFO] Sin señal — SOLUSDT 240
2026-04-05 23:06:55,516 [INFO] Analizando SOLUSDT D...
2026-04-05 23:06:56,022 [INFO] Sin señal — SOLUSDT D
2026-04-05 23:06:58,023 [INFO] Analizando XRPUSDT 15...
2026-04-05 23:06:58,475 [INFO] Sin señal — XRPUSDT 15
2026-04-05 23:07:00,476 [INFO] Analizando XRPUSDT 60...
2026-04-05 23:07:01,068 [INFO] Sin señal — XRPUSDT 60
2026-04-05 23:07:03,073 [INFO] Analizando XRPUSDT 240...
2026-04-05 23:07:03,597 [INFO] Sin señal — XRPUSDT 240
2026-04-05 23:07:05,603 [INFO] Analizando XRPUSDT D...
2026-04-05 23:07:06,203 [INFO] Sin señal — XRPUSDT D
2026-04-05 23:07:08,208 [INFO] Próximo análisis en 60s
2026-04-05 23:08:08,213 [INFO] Analizando BTCUSDT 15...
2026-04-05 23:08:08,712 [INFO] 🚨 SEÑAL SHORT BTCUSDT 15 R/R:7.98
2026-04-05 23:08:08,844 [INFO] Error 201
2026-04-05 23:08:10,856 [INFO] Analizando BTCUSDT 60...
2026-04-05 23:08:11,322 [INFO] Sin señal — BTCUSDT 60
2026-04-05 23:08:13,327 [INFO] Analizando BTCUSDT 240...
2026-04-05 23:08:14,112 [INFO] Sin señal — BTCUSDT 240
2026-04-05 23:08:16,117 [INFO] Analizando BTCUSDT D...
2026-04-05 23:08:16,763 [INFO] Sin señal — BTCUSDT D
2026-04-05 23:08:18,764 [INFO] Analizando ETHUSDT 15...
2026-04-05 23:08:19,357 [INFO] Sin señal — ETHUSDT 15
2026-04-05 23:08:21,361 [INFO] Analizando ETHUSDT 60...
2026-04-05 23:08:21,809 [INFO] Sin señal — ETHUSDT 60
2026-04-05 23:08:23,814 [INFO] Analizando ETHUSDT 240...
2026-04-05 23:08:24,425 [INFO] Sin señal — ETHUSDT 240
2026-04-05 23:08:26,431 [INFO] Analizando ETHUSDT D...
2026-04-05 23:08:27,108 [INFO] Sin señal — ETHUSDT D
2026-04-05 23:08:29,113 [INFO] Analizando SOLUSDT 15...
2026-04-05 23:08:30,077 [INFO] Sin señal — SOLUSDT 15
2026-04-05 23:08:32,078 [INFO] Analizando SOLUSDT 60...
2026-04-05 23:08:32,534 [INFO] Sin señal — SOLUSDT 60
2026-04-05 23:08:34,538 [INFO] Analizando SOLUSDT 240...
2026-04-05 23:08:35,153 [INFO] Sin señal — SOLUSDT 240
2026-04-05 23:08:37,154 [INFO] Analizando SOLUSDT D...
2026-04-05 23:08:37,765 [INFO] Sin señal — SOLUSDT D
2026-04-05 23:08:39,770 [INFO] Analizando XRPUSDT 15...
2026-04-05 23:08:40,420 [INFO] Sin señal — XRPUSDT 15
2026-04-05 23:08:42,425 [INFO] Analizando XRPUSDT 60...
2026-04-05 23:08:43,082 [INFO] Sin señal — XRPUSDT 60
2026-04-05 23:08:45,086 [INFO] Analizando XRPUSDT 240...
2026-04-05 23:08:45,641 [INFO] Sin señal — XRPUSDT 240
2026-04-05 23:08:47,643 [INFO] Analizando XRPUSDT D...
2026-04-05 23:08:48,202 [INFO] Sin señal — XRPUSDT D
2026-04-05 23:08:50,205 [INFO] Próximo análisis en 60s
2026-04-05 23:09:50,206 [INFO] Analizando BTCUSDT 15...
2026-04-05 23:09:50,778 [INFO] 🚨 SEÑAL SHORT BTCUSDT 15 R/R:8.02
2026-04-05 23:09:52,782 [INFO] Analizando BTCUSDT 60...
2026-04-05 23:09:53,378 [INFO] Sin señal — BTCUSDT 60
2026-04-05 23:09:55,383 [INFO] Analizando BTCUSDT 240...
2026-04-05 23:09:55,978 [INFO] Sin señal — BTCUSDT 240
2026-04-05 23:09:57,979 [INFO] Analizando BTCUSDT D...
2026-04-05 23:09:58,654 [INFO] Sin señal — BTCUSDT D
2026-04-05 23:10:00,658 [INFO] Analizando ETHUSDT 15...
2026-04-05 23:10:01,217 [INFO] Sin señal — ETHUSDT 15
2026-04-05 23:10:03,220 [INFO] Analizando ETHUSDT 60...
2026-04-05 23:10:03,879 [INFO] Sin señal — ETHUSDT 60
2026-04-05 23:10:05,884 [INFO] Analizando ETHUSDT 240...
2026-04-05 23:10:06,380 [INFO] Sin señal — ETHUSDT 240
2026-04-05 23:10:08,383 [INFO] Analizando ETHUSDT D...
2026-04-05 23:10:08,998 [INFO] Sin señal — ETHUSDT D
2026-04-05 23:10:11,002 [INFO] Analizando SOLUSDT 15...
2026-04-05 23:10:11,662 [INFO] Sin señal — SOLUSDT 15
2026-04-05 23:10:13,667 [INFO] Analizando SOLUSDT 60...
2026-04-05 23:10:14,206 [INFO] Sin señal — SOLUSDT 60
2026-04-05 23:10:16,207 [INFO] Analizando SOLUSDT 240...
2026-04-05 23:10:16,818 [INFO] Sin señal — SOLUSDT 240
2026-04-05 23:10:18,822 [INFO] Analizando SOLUSDT D...
2026-04-05 23:10:19,787 [INFO] Sin señal — SOLUSDT D
2026-04-05 23:10:21,792 [INFO] Analizando XRPUSDT 15...
2026-04-05 23:10:22,395 [INFO] Sin señal — XRPUSDT 15
2026-04-05 23:10:24,398 [INFO] Analizando XRPUSDT 60...
2026-04-05 23:10:25,279 [INFO] Sin señal — XRPUSDT 60
2026-04-05 23:10:27,284 [INFO] Analizando XRPUSDT 240...
2026-04-05 23:10:27,839 [INFO] Sin señal — XRPUSDT 240
2026-04-05 23:10:29,844 [INFO] Analizando XRPUSDT D...
2026-04-05 23:10:30,630 [INFO] Sin señal — XRPUSDT D
2026-04-05 23:10:32,632 [INFO] Próximo análisis en 60s
2026-04-05 23:11:32,637 [INFO] Analizando BTCUSDT 15...
2026-04-05 23:11:33,175 [INFO] 🚨 SEÑAL SHORT BTCUSDT 15 R/R:7.93
2026-04-05 23:11:35,181 [INFO] Analizando BTCUSDT 60...
2026-04-05 23:11:35,795 [INFO] Sin señal — BTCUSDT 60
2026-04-05 23:11:37,800 [INFO] Analizando BTCUSDT 240...
2026-04-05 23:11:38,427 [INFO] Sin señal — BTCUSDT 240
2026-04-05 23:11:40,432 [INFO] Analizando BTCUSDT D...
2026-04-05 23:11:41,038 [INFO] Sin señal — BTCUSDT D
2026-04-05 23:11:43,043 [INFO] Analizando ETHUSDT 15...
2026-04-05 23:11:43,657 [INFO] Sin señal — ETHUSDT 15
2026-04-05 23:11:45,661 [INFO] Analizando ETHUSDT 60...
2026-04-05 23:11:46,280 [INFO] Sin señal — ETHUSDT 60
2026-04-05 23:11:48,283 [INFO] Analizando ETHUSDT 240...
2026-04-05 23:11:48,897 [INFO] Sin señal — ETHUSDT 240
2026-04-05 23:11:50,903 [INFO] Analizando ETHUSDT D...
2026-04-05 23:11:51,425 [INFO] Sin señal — ETHUSDT D
2026-04-05 23:11:53,430 [INFO] Analizando SOLUSDT 15...
2026-04-05 23:11:53,881 [INFO] Sin señal — SOLUSDT 15
2026-04-05 23:11:55,885 [INFO] Analizando SOLUSDT 60...
2026-04-05 23:11:56,520 [INFO] Sin señal — SOLUSDT 60
2026-04-05 23:11:58,525 [INFO] Analizando SOLUSDT 240...
2026-04-05 23:11:59,081 [INFO] Sin señal — SOLUSDT 240
2026-04-05 23:12:01,082 [INFO] Analizando SOLUSDT D...
2026-04-05 23:12:01,539 [INFO] Sin señal — SOLUSDT D
2026-04-05 23:12:03,543 [INFO] Analizando XRPUSDT 15...
2026-04-05 23:12:04,107 [INFO] Sin señal — XRPUSDT 15
2026-04-05 23:12:06,112 [INFO] Analizando XRPUSDT 60...
2026-04-05 23:12:06,728 [INFO] Sin señal — XRPUSDT 60
2026-04-05 23:12:08,732 [INFO] Analizando XRPUSDT 240...
2026-04-05 23:12:09,350 [INFO] Sin señal — XRPUSDT 240
2026-04-05 23:12:11,354 [INFO] Analizando XRPUSDT D...
2026-04-05 23:12:11,967 [INFO] Sin señal — XRPUSDT D
2026-04-05 23:12:13,972 [INFO] Próximo análisis en 60s
2026-04-05 23:13:13,977 [INFO] Analizando BTCUSDT 15...
2026-04-05 23:13:14,568 [INFO] 🚨 SEÑAL SHORT BTCUSDT 15 R/R:4.34
2026-04-05 23:13:16,572 [INFO] Analizando BTCUSDT 60...
2026-04-05 23:13:17,041 [INFO] Sin señal — BTCUSDT 60
2026-04-05 23:13:19,046 [INFO] Analizando BTCUSDT 240...
2026-04-05 23:13:19,605 [INFO] Sin señal — BTCUSDT 240
2026-04-05 23:13:21,609 [INFO] Analizando BTCUSDT D...
2026-04-05 23:13:22,292 [INFO] Sin señal — BTCUSDT D
2026-04-05 23:13:24,298 [INFO] Analizando ETHUSDT 15...
2026-04-05 23:13:24,849 [INFO] 🚨 SEÑAL SHORT ETHUSDT 15 R/R:4.15
2026-04-05 23:13:26,855 [INFO] Analizando ETHUSDT 60...
2026-04-05 23:13:27,483 [INFO] Sin señal — ETHUSDT 60
2026-04-05 23:13:29,487 [INFO] Analizando ETHUSDT 240...
2026-04-05 23:13:30,091 [INFO] Sin señal — ETHUSDT 240
2026-04-05 23:13:32,092 [INFO] Analizando ETHUSDT D...
2026-04-05 23:13:32,708 [INFO] Sin señal — ETHUSDT D
2026-04-05 23:13:34,708 [INFO] Analizando SOLUSDT 15...
2026-04-05 23:13:35,340 [INFO] 🚨 SEÑAL LONG SOLUSDT 15 R/R:3.5
2026-04-05 23:13:35,499 [INFO] Error 201
2026-04-05 23:13:37,510 [INFO] Analizando SOLUSDT 60...
2026-04-05 23:13:37,973 [INFO] Sin señal — SOLUSDT 60
2026-04-05 23:13:39,975 [INFO] Analizando SOLUSDT 240...
2026-04-05 23:13:40,579 [INFO] Sin señal — SOLUSDT 240
2026-04-05 23:13:42,585 [INFO] Analizando SOLUSDT D...
2026-04-05 23:13:43,196 [INFO] Sin señal — SOLUSDT D
2026-04-05 23:13:45,201 [INFO] Analizando XRPUSDT 15...
2026-04-05 23:13:45,826 [INFO] 🚨 SEÑAL SHORT XRPUSDT 15 R/R:5.8
2026-04-05 23:13:45,964 [INFO] Error 201
2026-04-05 23:13:47,971 [INFO] Analizando XRPUSDT 60...
2026-04-05 23:13:48,440 [INFO] Sin señal — XRPUSDT 60
2026-04-05 23:13:50,441 [INFO] Analizando XRPUSDT 240...
2026-04-05 23:13:51,312 [INFO] Sin señal — XRPUSDT 240
2026-04-05 23:13:53,318 [INFO] Analizando XRPUSDT D...
2026-04-05 23:13:53,881 [INFO] Sin señal — XRPUSDT D
2026-04-05 23:13:55,886 [INFO] Próximo análisis en 60s
2026-04-05 23:14:55,892 [INFO] Analizando BTCUSDT 15...
2026-04-05 23:14:56,604 [INFO] 🚨 SEÑAL SHORT BTCUSDT 15 R/R:6.36
2026-04-05 23:14:58,610 [INFO] Analizando BTCUSDT 60...
2026-04-05 23:14:59,236 [INFO] Sin señal — BTCUSDT 60
2026-04-05 23:15:01,241 [INFO] Analizando BTCUSDT 240...
2026-04-05 23:15:01,836 [INFO] Sin señal — BTCUSDT 240
2026-04-05 23:15:03,842 [INFO] Analizando BTCUSDT D...
2026-04-05 23:15:04,463 [INFO] Sin señal — BTCUSDT D
2026-04-05 23:15:06,469 [INFO] Analizando ETHUSDT 15...
2026-04-05 23:15:06,995 [INFO] Sin señal — ETHUSDT 15
2026-04-05 23:15:09,000 [INFO] Analizando ETHUSDT 60...
2026-04-05 23:15:09,707 [INFO] Sin señal — ETHUSDT 60
2026-04-05 23:15:11,709 [INFO] Analizando ETHUSDT 240...
2026-04-05 23:15:12,521 [INFO] Sin señal — ETHUSDT 240
2026-04-05 23:15:14,526 [INFO] Analizando ETHUSDT D...
2026-04-05 23:15:14,973 [INFO] Sin señal — ETHUSDT D
2026-04-05 23:15:16,978 [INFO] Analizando SOLUSDT 15...
2026-04-05 23:15:17,571 [INFO] 🚨 SEÑAL LONG SOLUSDT 15 R/R:3.5
2026-04-05 23:15:19,574 [INFO] Analizando SOLUSDT 60...
2026-04-05 23:15:20,095 [INFO] Sin señal — SOLUSDT 60
2026-04-05 23:15:22,100 [INFO] Analizando SOLUSDT 240...
2026-04-05 23:15:22,653 [INFO] Sin señal — SOLUSDT 240
2026-04-05 23:15:24,659 [INFO] Analizando SOLUSDT D...
2026-04-05 23:15:25,213 [INFO] Sin señal — SOLUSDT D
2026-04-05 23:15:27,219 [INFO] Analizando XRPUSDT 15...
2026-04-05 23:15:27,776 [INFO] 🚨 SEÑAL LONG XRPUSDT 15 R/R:3.5
2026-04-05 23:15:29,782 [INFO] Analizando XRPUSDT 60...
2026-04-05 23:15:30,229 [INFO] Sin señal — XRPUSDT 60
2026-04-05 23:15:32,231 [INFO] Analizando XRPUSDT 240...
2026-04-05 23:15:32,792 [INFO] Sin señal — XRPUSDT 240
2026-04-05 23:15:34,794 [INFO] Analizando XRPUSDT D...
2026-04-05 23:15:35,393 [INFO] Sin señal — XRPUSDT D
2026-04-05 23:15:37,394 [INFO] Próximo análisis en 60s
2026-04-05 23:16:38,310 [INFO] 🚀 MARCO TRADING BOT FINAL INICIADO
2026-04-05 23:16:38,496 [INFO] Error 201
2026-04-05 23:16:38,502 [INFO] Base de datos lista.
2026-04-05 23:16:38,502 [INFO] Analizando BTCUSDT 15...
2026-04-05 23:16:39,035 [INFO] Sin señal — BTCUSDT 15
2026-04-05 23:16:41,040 [INFO] Analizando BTCUSDT 60...
2026-04-05 23:16:41,617 [INFO] Sin señal — BTCUSDT 60
2026-04-05 23:16:43,622 [INFO] Analizando BTCUSDT 240...
2026-04-05 23:16:44,080 [INFO] Sin señal — BTCUSDT 240
2026-04-05 23:16:46,084 [INFO] Analizando BTCUSDT D...
2026-04-05 23:16:46,599 [INFO] Sin señal — BTCUSDT D
2026-04-05 23:16:48,605 [INFO] Analizando ETHUSDT 15...
2026-04-05 23:16:49,056 [INFO] Sin señal — ETHUSDT 15
2026-04-05 23:16:51,060 [INFO] Analizando ETHUSDT 60...
2026-04-05 23:16:51,605 [INFO] Sin señal — ETHUSDT 60
2026-04-05 23:16:53,611 [INFO] Analizando ETHUSDT 240...
2026-04-05 23:16:54,063 [INFO] Sin señal — ETHUSDT 240
2026-04-05 23:16:56,068 [INFO] Analizando ETHUSDT D...
2026-04-05 23:16:57,032 [INFO] Sin señal — ETHUSDT D
2026-04-05 23:16:59,037 [INFO] Analizando SOLUSDT 15...
2026-04-05 23:16:59,942 [INFO] 🚨 SEÑAL LONG SOLUSDT 15 R/R:3.5
2026-04-05 23:16:59,942 [INFO] 📤 Enviando señal SOLUSDT 15 (cooldown OK)
2026-04-05 23:17:00,098 [INFO] Error 201
2026-04-05 23:17:02,107 [INFO] Analizando SOLUSDT 60...
2026-04-05 23:17:02,631 [INFO] Sin señal — SOLUSDT 60
2026-04-05 23:17:04,636 [INFO] Analizando SOLUSDT 240...
2026-04-05 23:17:05,110 [INFO] Sin señal — SOLUSDT 240
2026-04-05 23:17:17,765 [INFO] 🚀 MARCO TRADING BOT FINAL INICIADO
2026-04-05 23:17:17,890 [INFO] Error 201
2026-04-05 23:17:17,893 [INFO] Base de datos lista.
2026-04-05 23:17:17,893 [INFO] Analizando BTCUSDT 15...
2026-04-05 23:17:18,393 [INFO] Sin señal — BTCUSDT 15
2026-04-05 23:17:20,399 [INFO] Analizando BTCUSDT 60...
2026-04-05 23:17:20,846 [INFO] Sin señal — BTCUSDT 60
2026-04-05 23:17:22,852 [INFO] Analizando BTCUSDT 240...
2026-04-05 23:17:23,414 [INFO] Sin señal — BTCUSDT 240
2026-04-05 23:17:25,420 [INFO] Analizando BTCUSDT D...
2026-04-05 23:17:26,023 [INFO] Sin señal — BTCUSDT D
2026-04-05 23:17:28,024 [INFO] Analizando ETHUSDT 15...
2026-04-05 23:17:28,553 [INFO] Sin señal — ETHUSDT 15
2026-04-05 23:17:30,554 [INFO] Analizando ETHUSDT 60...
2026-04-05 23:17:31,068 [INFO] Sin señal — ETHUSDT 60
2026-04-05 23:17:33,073 [INFO] Analizando ETHUSDT 240...
2026-04-05 23:17:33,678 [INFO] Sin señal — ETHUSDT 240
2026-04-05 23:17:35,684 [INFO] Analizando ETHUSDT D...
2026-04-05 23:17:36,287 [INFO] Sin señal — ETHUSDT D
2026-04-05 23:17:38,290 [INFO] Analizando SOLUSDT 15...
2026-04-05 23:17:38,852 [INFO] 🚨 SEÑAL SHORT SOLUSDT 15 R/R:4.7
2026-04-05 23:17:38,853 [INFO] 📤 Enviando señal SOLUSDT 15 (cooldown OK)
2026-04-05 23:17:38,981 [INFO] Error 201
2026-04-05 23:17:40,990 [INFO] Analizando SOLUSDT 60...
2026-04-05 23:17:41,469 [INFO] Sin señal — SOLUSDT 60
2026-04-05 23:17:43,474 [INFO] Analizando SOLUSDT 240...
2026-04-05 23:17:44,071 [INFO] Sin señal — SOLUSDT 240
2026-04-05 23:17:46,074 [INFO] Analizando SOLUSDT D...
2026-04-05 23:17:46,538 [INFO] Sin señal — SOLUSDT D
2026-04-05 23:17:48,540 [INFO] Analizando XRPUSDT 15...
2026-04-05 23:17:49,090 [INFO] Sin señal — XRPUSDT 15
2026-04-05 23:17:51,094 [INFO] Analizando XRPUSDT 60...
2026-04-05 23:17:51,777 [INFO] Sin señal — XRPUSDT 60
2026-04-05 23:17:53,782 [INFO] Analizando XRPUSDT 240...
2026-04-05 23:17:54,333 [INFO] Sin señal — XRPUSDT 240
2026-04-05 23:17:56,339 [INFO] Analizando XRPUSDT D...
2026-04-05 23:17:56,949 [INFO] Sin señal — XRPUSDT D
2026-04-05 23:17:58,951 [INFO] Próximo análisis en 60s
2026-04-05 23:18:58,953 [INFO] Analizando BTCUSDT 15...
2026-04-05 23:18:59,617 [INFO] 🚨 SEÑAL SHORT BTCUSDT 15 R/R:6.23
2026-04-05 23:18:59,617 [INFO] 📤 Enviando señal BTCUSDT 15 (cooldown OK)
2026-04-05 23:18:59,749 [INFO] Error 201
2026-04-05 23:19:01,758 [INFO] Analizando BTCUSDT 60...
2026-04-05 23:19:02,368 [INFO] Sin señal — BTCUSDT 60
2026-04-05 23:19:04,369 [INFO] Analizando BTCUSDT 240...
2026-04-05 23:19:04,989 [INFO] Sin señal — BTCUSDT 240
2026-04-05 23:19:06,993 [INFO] Analizando BTCUSDT D...
2026-04-05 23:19:07,528 [INFO] Sin señal — BTCUSDT D
2026-04-05 23:19:09,532 [INFO] Analizando ETHUSDT 15...
2026-04-05 23:19:10,032 [INFO] 🚨 SEÑAL SHORT ETHUSDT 15 R/R:4.38
2026-04-05 23:19:10,032 [INFO] 📤 Enviando señal ETHUSDT 15 (cooldown OK)
2026-04-05 23:19:10,187 [INFO] Error 201
2026-04-05 23:19:12,196 [INFO] Analizando ETHUSDT 60...
2026-04-05 23:19:12,701 [INFO] Sin señal — ETHUSDT 60
2026-04-05 23:19:14,703 [INFO] Analizando ETHUSDT 240...
2026-04-05 23:19:15,251 [INFO] Sin señal — ETHUSDT 240
2026-04-05 23:19:17,257 [INFO] Analizando ETHUSDT D...
2026-04-05 23:19:17,705 [INFO] Sin señal — ETHUSDT D
2026-04-05 23:19:19,709 [INFO] Analizando SOLUSDT 15...
2026-04-05 23:19:20,234 [INFO] 🚨 SEÑAL SHORT SOLUSDT 15 R/R:4.2
2026-04-05 23:19:20,234 [INFO] 📤 Enviando señal SOLUSDT 15 (cooldown OK)
2026-04-05 23:19:20,446 [INFO] Error 201
2026-04-05 23:19:22,452 [INFO] Analizando SOLUSDT 60...
2026-04-05 23:19:22,938 [INFO] Sin señal — SOLUSDT 60
2026-04-05 23:19:24,940 [INFO] Analizando SOLUSDT 240...
2026-04-05 23:19:25,753 [INFO] Sin señal — SOLUSDT 240
2026-04-05 23:19:27,759 [INFO] Analizando SOLUSDT D...
2026-04-05 23:19:28,204 [INFO] Sin señal — SOLUSDT D
2026-04-05 23:19:30,209 [INFO] Analizando XRPUSDT 15...
2026-04-05 23:19:30,702 [INFO] Sin señal — XRPUSDT 15
2026-04-05 23:19:32,703 [INFO] Analizando XRPUSDT 60...
2026-04-05 23:19:33,166 [INFO] Sin señal — XRPUSDT 60
2026-04-05 23:19:35,172 [INFO] Analizando XRPUSDT 240...
2026-04-05 23:19:36,098 [INFO] Sin señal — XRPUSDT 240
2026-04-05 23:19:38,103 [INFO] Analizando XRPUSDT D...
2026-04-05 23:19:38,667 [INFO] Sin señal — XRPUSDT D
2026-04-05 23:19:40,670 [INFO] Próximo análisis en 60s
